<?xml version="1.0" encoding="UTF-8"?>
<testsuite name="spbstu.project.varann.VarannControllerTests" tests="2" skipped="0" failures="0" errors="0" timestamp="2020-12-10T20:15:02" hostname="DESKTOP-E01FUOQ" time="0.547">
  <properties/>
  <testcase name="annotateTest()" classname="spbstu.project.varann.VarannControllerTests" time="0.419"/>
  <testcase name="storeVatiationTest()" classname="spbstu.project.varann.VarannControllerTests" time="0.126"/>
  <system-out><![CDATA[2020-12-10 23:14:59.700  INFO 10844 --- [    Test worker] .b.t.c.SpringBootTestContextBootstrapper : Neither @ContextConfiguration nor @ContextHierarchy found for test class [spbstu.project.varann.VarannControllerTests], using SpringBootContextLoader
2020-12-10 23:14:59.706  INFO 10844 --- [    Test worker] o.s.t.c.support.AbstractContextLoader    : Could not detect default resource locations for test class [spbstu.project.varann.VarannControllerTests]: no resource found for suffixes {-context.xml, Context.groovy}.
2020-12-10 23:14:59.707  INFO 10844 --- [    Test worker] t.c.s.AnnotationConfigContextLoaderUtils : Could not detect default configuration classes for test class [spbstu.project.varann.VarannControllerTests]: VarannControllerTests does not declare any static, non-private, non-final, nested classes annotated with @Configuration.
2020-12-10 23:14:59.716  INFO 10844 --- [    Test worker] .b.t.c.SpringBootTestContextBootstrapper : Found @SpringBootConfiguration spbstu.project.varann.VarannApplication for test class spbstu.project.varann.VarannControllerTests
2020-12-10 23:14:59.719  INFO 10844 --- [    Test worker] .b.t.c.SpringBootTestContextBootstrapper : Loaded default TestExecutionListener class names from location [META-INF/spring.factories]: [org.springframework.boot.test.autoconfigure.restdocs.RestDocsTestExecutionListener, org.springframework.boot.test.autoconfigure.web.client.MockRestServiceServerResetTestExecutionListener, org.springframework.boot.test.autoconfigure.web.servlet.MockMvcPrintOnlyOnFailureTestExecutionListener, org.springframework.boot.test.autoconfigure.web.servlet.WebDriverTestExecutionListener, org.springframework.boot.test.mock.mockito.MockitoTestExecutionListener, org.springframework.boot.test.mock.mockito.ResetMocksTestExecutionListener, org.springframework.test.context.web.ServletTestExecutionListener, org.springframework.test.context.support.DirtiesContextBeforeModesTestExecutionListener, org.springframework.test.context.support.DependencyInjectionTestExecutionListener, org.springframework.test.context.support.DirtiesContextTestExecutionListener, org.springframework.test.context.transaction.TransactionalTestExecutionListener, org.springframework.test.context.jdbc.SqlScriptsTestExecutionListener, org.springframework.test.context.event.EventPublishingTestExecutionListener]
2020-12-10 23:14:59.720  INFO 10844 --- [    Test worker] .b.t.c.SpringBootTestContextBootstrapper : Using TestExecutionListeners: [org.springframework.test.context.web.ServletTestExecutionListener@59c086e6, org.springframework.test.context.support.DirtiesContextBeforeModesTestExecutionListener@22191f82, org.springframework.boot.test.mock.mockito.MockitoTestExecutionListener@302d3536, org.springframework.boot.test.autoconfigure.SpringBootDependencyInjectionTestExecutionListener@6fb9d5e6, org.springframework.test.context.support.DirtiesContextTestExecutionListener@32939941, org.springframework.test.context.transaction.TransactionalTestExecutionListener@589c659e, org.springframework.test.context.jdbc.SqlScriptsTestExecutionListener@1416f3e, org.springframework.test.context.event.EventPublishingTestExecutionListener@20f69c15, org.springframework.boot.test.autoconfigure.restdocs.RestDocsTestExecutionListener@e8140db, org.springframework.boot.test.autoconfigure.web.client.MockRestServiceServerResetTestExecutionListener@358a7400, org.springframework.boot.test.autoconfigure.web.servlet.MockMvcPrintOnlyOnFailureTestExecutionListener@3fb8d510, org.springframework.boot.test.autoconfigure.web.servlet.WebDriverTestExecutionListener@2bbaf0c6, org.springframework.boot.test.mock.mockito.ResetMocksTestExecutionListener@2fb9eaf2]

  .   ____          _            __ _ _
 /\\ / ___'_ __ _ _(_)_ __  __ _ \ \ \ \
( ( )\___ | '_ | '_| | '_ \/ _` | \ \ \ \
 \\/  ___)| |_)| | | | | || (_| |  ) ) ) )
  '  |____| .__|_| |_|_| |_\__, | / / / /
 =========|_|==============|___/=/_/_/_/
 :: Spring Boot ::             (v2.3.0.M2)

2020-12-10 23:14:59.788  INFO 10844 --- [    Test worker] s.project.varann.VarannControllerTests   : Starting VarannControllerTests on DESKTOP-E01FUOQ with PID 10844 (started by Ilya in D:\programming\varann)
2020-12-10 23:14:59.789  INFO 10844 --- [    Test worker] s.project.varann.VarannControllerTests   : No active profile set, falling back to default profiles: default
2020-12-10 23:15:00.288  INFO 10844 --- [    Test worker] .s.d.r.c.RepositoryConfigurationDelegate : Bootstrapping Spring Data JPA repositories in DEFERRED mode.
2020-12-10 23:15:00.319  INFO 10844 --- [    Test worker] .s.d.r.c.RepositoryConfigurationDelegate : Finished Spring Data repository scanning in 25ms. Found 2 JPA repository interfaces.
2020-12-10 23:15:00.458  INFO 10844 --- [    Test worker] trationDelegate$BeanPostProcessorChecker : Bean 'org.springframework.transaction.annotation.ProxyTransactionManagementConfiguration' of type [org.springframework.transaction.annotation.ProxyTransactionManagementConfiguration] is not eligible for getting processed by all BeanPostProcessors (for example: not eligible for auto-proxying)
2020-12-10 23:15:00.483  INFO 10844 --- [    Test worker] trationDelegate$BeanPostProcessorChecker : Bean 'org.springframework.security.config.annotation.configuration.ObjectPostProcessorConfiguration' of type [org.springframework.security.config.annotation.configuration.ObjectPostProcessorConfiguration] is not eligible for getting processed by all BeanPostProcessors (for example: not eligible for auto-proxying)
2020-12-10 23:15:00.487  INFO 10844 --- [    Test worker] trationDelegate$BeanPostProcessorChecker : Bean 'objectPostProcessor' of type [org.springframework.security.config.annotation.configuration.AutowireBeanFactoryObjectPostProcessor] is not eligible for getting processed by all BeanPostProcessors (for example: not eligible for auto-proxying)
2020-12-10 23:15:00.487  INFO 10844 --- [    Test worker] trationDelegate$BeanPostProcessorChecker : Bean 'org.springframework.security.access.expression.method.DefaultMethodSecurityExpressionHandler@19f5a5c8' of type [org.springframework.security.access.expression.method.DefaultMethodSecurityExpressionHandler] is not eligible for getting processed by all BeanPostProcessors (for example: not eligible for auto-proxying)
2020-12-10 23:15:00.495  INFO 10844 --- [    Test worker] trationDelegate$BeanPostProcessorChecker : Bean 'org.springframework.security.config.annotation.method.configuration.GlobalMethodSecurityConfiguration' of type [org.springframework.security.config.annotation.method.configuration.GlobalMethodSecurityConfiguration] is not eligible for getting processed by all BeanPostProcessors (for example: not eligible for auto-proxying)
2020-12-10 23:15:00.499  INFO 10844 --- [    Test worker] trationDelegate$BeanPostProcessorChecker : Bean 'methodSecurityMetadataSource' of type [org.springframework.security.access.method.DelegatingMethodSecurityMetadataSource] is not eligible for getting processed by all BeanPostProcessors (for example: not eligible for auto-proxying)
2020-12-10 23:15:00.637  INFO 10844 --- [    Test worker] o.s.s.concurrent.ThreadPoolTaskExecutor  : Initializing ExecutorService 'applicationTaskExecutor'
2020-12-10 23:15:00.663  INFO 10844 --- [         task-1] o.hibernate.jpa.internal.util.LogHelper  : HHH000204: Processing PersistenceUnitInfo [name: default]
2020-12-10 23:15:00.685  INFO 10844 --- [         task-1] com.zaxxer.hikari.HikariDataSource       : HikariPool-2 - Starting...
2020-12-10 23:15:00.718  INFO 10844 --- [         task-1] com.zaxxer.hikari.HikariDataSource       : HikariPool-2 - Start completed.
2020-12-10 23:15:00.719  INFO 10844 --- [         task-1] org.hibernate.dialect.Dialect            : HHH000400: Using dialect: org.hibernate.dialect.PostgreSQL94Dialect
2020-12-10 23:15:00.778  WARN 10844 --- [    Test worker] JpaBaseConfiguration$JpaWebConfiguration : spring.jpa.open-in-view is enabled by default. Therefore, database queries may be performed during view rendering. Explicitly configure spring.jpa.open-in-view to disable this warning
2020-12-10 23:15:00.907  WARN 10844 --- [         task-1] org.hibernate.mapping.RootClass          : HHH000038: Composite-id class does not override equals(): spbstu.project.varann.domain.VariationID
2020-12-10 23:15:00.908  WARN 10844 --- [         task-1] org.hibernate.mapping.RootClass          : HHH000039: Composite-id class does not override hashCode(): spbstu.project.varann.domain.VariationID
2020-12-10 23:15:01.239  INFO 10844 --- [         task-1] o.h.e.t.j.p.i.JtaPlatformInitiator       : HHH000490: Using JtaPlatform implementation: [org.hibernate.engine.transaction.jta.platform.internal.NoJtaPlatform]
2020-12-10 23:15:01.240  INFO 10844 --- [         task-1] j.LocalContainerEntityManagerFactoryBean : Initialized JPA EntityManagerFactory for persistence unit 'default'
2020-12-10 23:15:01.558  INFO 10844 --- [    Test worker] o.s.s.web.DefaultSecurityFilterChain     : Creating filter chain: any request, [org.springframework.security.web.context.request.async.WebAsyncManagerIntegrationFilter@e33e2b7, org.springframework.security.web.context.SecurityContextPersistenceFilter@3c5fbc3c, org.springframework.security.web.header.HeaderWriterFilter@e007bb, org.springframework.security.web.authentication.logout.LogoutFilter@73759013, org.springframework.security.web.authentication.www.BasicAuthenticationFilter@4fd9e9fa, org.springframework.security.web.savedrequest.RequestCacheAwareFilter@63ce8927, org.springframework.security.web.servletapi.SecurityContextHolderAwareRequestFilter@6393973a, org.springframework.security.web.authentication.AnonymousAuthenticationFilter@641ab51, org.springframework.security.web.session.SessionManagementFilter@67b6dfcd, org.springframework.security.web.access.ExceptionTranslationFilter@17a91cec, org.springframework.security.web.access.intercept.FilterSecurityInterceptor@4cea45a9]
2020-12-10 23:15:01.620  INFO 10844 --- [    Test worker] pertySourcedRequestMappingHandlerMapping : Mapped URL path [/v2/api-docs] onto method [springfox.documentation.swagger2.web.Swagger2Controller#getDocumentation(String, HttpServletRequest)]
2020-12-10 23:15:02.145  INFO 10844 --- [    Test worker] o.s.b.t.m.w.SpringBootMockServletContext : Initializing Spring TestDispatcherServlet ''
2020-12-10 23:15:02.145  INFO 10844 --- [    Test worker] o.s.t.web.servlet.TestDispatcherServlet  : Initializing Servlet ''
2020-12-10 23:15:02.162  INFO 10844 --- [    Test worker] o.s.t.web.servlet.TestDispatcherServlet  : Completed initialization in 17 ms
2020-12-10 23:15:02.173  INFO 10844 --- [    Test worker] d.s.w.p.DocumentationPluginsBootstrapper : Context refreshed
2020-12-10 23:15:02.174  INFO 10844 --- [    Test worker] d.s.w.p.DocumentationPluginsBootstrapper : Found 1 custom documentation plugin(s)
2020-12-10 23:15:02.180  INFO 10844 --- [    Test worker] s.d.s.w.s.ApiListingReferenceScanner     : Scanning for api listing references
2020-12-10 23:15:02.220  INFO 10844 --- [    Test worker] DeferredRepositoryInitializationListener : Triggering deferred initialization of Spring Data repositories…
2020-12-10 23:15:02.243  INFO 10844 --- [    Test worker] DeferredRepositoryInitializationListener : Spring Data repositories initialized!
2020-12-10 23:15:02.249  INFO 10844 --- [    Test worker] s.project.varann.VarannControllerTests   : Started VarannControllerTests in 2.524 seconds (JVM running for 16.011)
]]></system-out>
  <system-err><![CDATA[]]></system-err>
</testsuite>
