<?xml version="1.0" encoding="UTF-8"?>
<testsuite name="spbstu.project.varann.VarannServiceTest" tests="1" skipped="0" failures="0" errors="0" timestamp="2020-12-12T19:53:47" hostname="DESKTOP-E01FUOQ" time="0.176">
  <properties/>
  <testcase name="annotate()" classname="spbstu.project.varann.VarannServiceTest" time="0.176"/>
  <system-out><![CDATA[2020-12-12 22:53:43.990  INFO 3876 --- [    Test worker] .b.t.c.SpringBootTestContextBootstrapper : Neither @ContextConfiguration nor @ContextHierarchy found for test class [spbstu.project.varann.VarannServiceTest], using SpringBootContextLoader
2020-12-12 22:53:43.992  INFO 3876 --- [    Test worker] o.s.t.c.support.AbstractContextLoader    : Could not detect default resource locations for test class [spbstu.project.varann.VarannServiceTest]: no resource found for suffixes {-context.xml, Context.groovy}.
2020-12-12 22:53:43.992  INFO 3876 --- [    Test worker] t.c.s.AnnotationConfigContextLoaderUtils : Could not detect default configuration classes for test class [spbstu.project.varann.VarannServiceTest]: VarannServiceTest does not declare any static, non-private, non-final, nested classes annotated with @Configuration.
2020-12-12 22:53:43.995  INFO 3876 --- [    Test worker] .b.t.c.SpringBootTestContextBootstrapper : Found @SpringBootConfiguration spbstu.project.varann.VarannApplication for test class spbstu.project.varann.VarannServiceTest
2020-12-12 22:53:43.998  INFO 3876 --- [    Test worker] .b.t.c.SpringBootTestContextBootstrapper : Loaded default TestExecutionListener class names from location [META-INF/spring.factories]: [org.springframework.boot.test.autoconfigure.restdocs.RestDocsTestExecutionListener, org.springframework.boot.test.autoconfigure.web.client.MockRestServiceServerResetTestExecutionListener, org.springframework.boot.test.autoconfigure.web.servlet.MockMvcPrintOnlyOnFailureTestExecutionListener, org.springframework.boot.test.autoconfigure.web.servlet.WebDriverTestExecutionListener, org.springframework.boot.test.mock.mockito.MockitoTestExecutionListener, org.springframework.boot.test.mock.mockito.ResetMocksTestExecutionListener, org.springframework.test.context.web.ServletTestExecutionListener, org.springframework.test.context.support.DirtiesContextBeforeModesTestExecutionListener, org.springframework.test.context.support.DependencyInjectionTestExecutionListener, org.springframework.test.context.support.DirtiesContextTestExecutionListener, org.springframework.test.context.transaction.TransactionalTestExecutionListener, org.springframework.test.context.jdbc.SqlScriptsTestExecutionListener, org.springframework.test.context.event.EventPublishingTestExecutionListener]
2020-12-12 22:53:43.998  INFO 3876 --- [    Test worker] .b.t.c.SpringBootTestContextBootstrapper : Using TestExecutionListeners: [org.springframework.test.context.web.ServletTestExecutionListener@73b3ec09, org.springframework.test.context.support.DirtiesContextBeforeModesTestExecutionListener@7cda522b, org.springframework.boot.test.mock.mockito.MockitoTestExecutionListener@c6c6348, org.springframework.boot.test.autoconfigure.SpringBootDependencyInjectionTestExecutionListener@59844c96, org.springframework.test.context.support.DirtiesContextTestExecutionListener@35bb200b, org.springframework.test.context.transaction.TransactionalTestExecutionListener@1b5e679d, org.springframework.test.context.jdbc.SqlScriptsTestExecutionListener@7447219d, org.springframework.test.context.event.EventPublishingTestExecutionListener@f5c237f, org.springframework.boot.test.autoconfigure.restdocs.RestDocsTestExecutionListener@630be1e7, org.springframework.boot.test.autoconfigure.web.client.MockRestServiceServerResetTestExecutionListener@b011094, org.springframework.boot.test.autoconfigure.web.servlet.MockMvcPrintOnlyOnFailureTestExecutionListener@468783a0, org.springframework.boot.test.autoconfigure.web.servlet.WebDriverTestExecutionListener@282e17d4, org.springframework.boot.test.mock.mockito.ResetMocksTestExecutionListener@1496dfef]

  .   ____          _            __ _ _
 /\\ / ___'_ __ _ _(_)_ __  __ _ \ \ \ \
( ( )\___ | '_ | '_| | '_ \/ _` | \ \ \ \
 \\/  ___)| |_)| | | | | || (_| |  ) ) ) )
  '  |____| .__|_| |_|_| |_\__, | / / / /
 =========|_|==============|___/=/_/_/_/
 :: Spring Boot ::             (v2.3.0.M2)

2020-12-12 22:53:44.067  INFO 3876 --- [    Test worker] spbstu.project.varann.VarannServiceTest  : Starting VarannServiceTest on DESKTOP-E01FUOQ with PID 3876 (started by Ilya in D:\programming\varann)
2020-12-12 22:53:44.068  INFO 3876 --- [    Test worker] spbstu.project.varann.VarannServiceTest  : No active profile set, falling back to default profiles: default
2020-12-12 22:53:44.583  INFO 3876 --- [    Test worker] .s.d.r.c.RepositoryConfigurationDelegate : Bootstrapping Spring Data JPA repositories in DEFERRED mode.
2020-12-12 22:53:44.707  INFO 3876 --- [    Test worker] .s.d.r.c.RepositoryConfigurationDelegate : Finished Spring Data repository scanning in 122ms. Found 2 JPA repository interfaces.
2020-12-12 22:53:44.894  INFO 3876 --- [    Test worker] trationDelegate$BeanPostProcessorChecker : Bean 'org.springframework.transaction.annotation.ProxyTransactionManagementConfiguration' of type [org.springframework.transaction.annotation.ProxyTransactionManagementConfiguration] is not eligible for getting processed by all BeanPostProcessors (for example: not eligible for auto-proxying)
2020-12-12 22:53:44.928  INFO 3876 --- [    Test worker] trationDelegate$BeanPostProcessorChecker : Bean 'org.springframework.security.config.annotation.configuration.ObjectPostProcessorConfiguration' of type [org.springframework.security.config.annotation.configuration.ObjectPostProcessorConfiguration] is not eligible for getting processed by all BeanPostProcessors (for example: not eligible for auto-proxying)
2020-12-12 22:53:44.936  INFO 3876 --- [    Test worker] trationDelegate$BeanPostProcessorChecker : Bean 'objectPostProcessor' of type [org.springframework.security.config.annotation.configuration.AutowireBeanFactoryObjectPostProcessor] is not eligible for getting processed by all BeanPostProcessors (for example: not eligible for auto-proxying)
2020-12-12 22:53:44.937  INFO 3876 --- [    Test worker] trationDelegate$BeanPostProcessorChecker : Bean 'org.springframework.security.access.expression.method.DefaultMethodSecurityExpressionHandler@52a5589e' of type [org.springframework.security.access.expression.method.DefaultMethodSecurityExpressionHandler] is not eligible for getting processed by all BeanPostProcessors (for example: not eligible for auto-proxying)
2020-12-12 22:53:44.946  INFO 3876 --- [    Test worker] trationDelegate$BeanPostProcessorChecker : Bean 'org.springframework.security.config.annotation.method.configuration.GlobalMethodSecurityConfiguration' of type [org.springframework.security.config.annotation.method.configuration.GlobalMethodSecurityConfiguration] is not eligible for getting processed by all BeanPostProcessors (for example: not eligible for auto-proxying)
2020-12-12 22:53:44.951  INFO 3876 --- [    Test worker] trationDelegate$BeanPostProcessorChecker : Bean 'methodSecurityMetadataSource' of type [org.springframework.security.access.method.DelegatingMethodSecurityMetadataSource] is not eligible for getting processed by all BeanPostProcessors (for example: not eligible for auto-proxying)
2020-12-12 22:53:45.088  INFO 3876 --- [    Test worker] o.s.s.concurrent.ThreadPoolTaskExecutor  : Initializing ExecutorService 'applicationTaskExecutor'
2020-12-12 22:53:45.142  INFO 3876 --- [         task-1] o.hibernate.jpa.internal.util.LogHelper  : HHH000204: Processing PersistenceUnitInfo [name: default]
2020-12-12 22:53:45.157  INFO 3876 --- [         task-1] com.zaxxer.hikari.HikariDataSource       : HikariPool-3 - Starting...
2020-12-12 22:53:45.187  INFO 3876 --- [         task-1] com.zaxxer.hikari.HikariDataSource       : HikariPool-3 - Start completed.
2020-12-12 22:53:45.187  INFO 3876 --- [         task-1] org.hibernate.dialect.Dialect            : HHH000400: Using dialect: org.hibernate.dialect.PostgreSQL94Dialect
2020-12-12 22:53:45.225  WARN 3876 --- [    Test worker] JpaBaseConfiguration$JpaWebConfiguration : spring.jpa.open-in-view is enabled by default. Therefore, database queries may be performed during view rendering. Explicitly configure spring.jpa.open-in-view to disable this warning
2020-12-12 22:53:45.690  WARN 3876 --- [         task-1] org.hibernate.mapping.RootClass          : HHH000038: Composite-id class does not override equals(): spbstu.project.varann.domain.VariationID
2020-12-12 22:53:45.691  WARN 3876 --- [         task-1] org.hibernate.mapping.RootClass          : HHH000039: Composite-id class does not override hashCode(): spbstu.project.varann.domain.VariationID
2020-12-12 22:53:45.942  INFO 3876 --- [         task-1] o.h.e.t.j.p.i.JtaPlatformInitiator       : HHH000490: Using JtaPlatform implementation: [org.hibernate.engine.transaction.jta.platform.internal.NoJtaPlatform]
2020-12-12 22:53:45.943  INFO 3876 --- [         task-1] j.LocalContainerEntityManagerFactoryBean : Initialized JPA EntityManagerFactory for persistence unit 'default'
2020-12-12 22:53:46.657  INFO 3876 --- [    Test worker] o.s.s.web.DefaultSecurityFilterChain     : Creating filter chain: any request, [org.springframework.security.web.context.request.async.WebAsyncManagerIntegrationFilter@5d9f27a2, org.springframework.security.web.context.SecurityContextPersistenceFilter@31fc03fc, org.springframework.security.web.header.HeaderWriterFilter@23ad3978, org.springframework.security.web.authentication.logout.LogoutFilter@15a09260, org.springframework.security.web.authentication.www.BasicAuthenticationFilter@7a8e876c, org.springframework.security.web.savedrequest.RequestCacheAwareFilter@4c8188b8, org.springframework.security.web.servletapi.SecurityContextHolderAwareRequestFilter@6ad0ea9, org.springframework.security.web.authentication.AnonymousAuthenticationFilter@30495d96, org.springframework.security.web.session.SessionManagementFilter@73362978, org.springframework.security.web.access.ExceptionTranslationFilter@206bbd76, org.springframework.security.web.access.intercept.FilterSecurityInterceptor@8eb716]
2020-12-12 22:53:46.786  INFO 3876 --- [    Test worker] pertySourcedRequestMappingHandlerMapping : Mapped URL path [/v2/api-docs] onto method [springfox.documentation.swagger2.web.Swagger2Controller#getDocumentation(String, HttpServletRequest)]
2020-12-12 22:53:47.622  INFO 3876 --- [    Test worker] d.s.w.p.DocumentationPluginsBootstrapper : Context refreshed
2020-12-12 22:53:47.623  INFO 3876 --- [    Test worker] d.s.w.p.DocumentationPluginsBootstrapper : Found 1 custom documentation plugin(s)
2020-12-12 22:53:47.634  INFO 3876 --- [    Test worker] s.d.s.w.s.ApiListingReferenceScanner     : Scanning for api listing references
2020-12-12 22:53:47.675  INFO 3876 --- [    Test worker] DeferredRepositoryInitializationListener : Triggering deferred initialization of Spring Data repositories…
2020-12-12 22:53:47.695  INFO 3876 --- [    Test worker] DeferredRepositoryInitializationListener : Spring Data repositories initialized!
2020-12-12 22:53:47.700  INFO 3876 --- [    Test worker] spbstu.project.varann.VarannServiceTest  : Started VarannServiceTest in 3.696 seconds (JVM running for 19.049)
]]></system-out>
  <system-err><![CDATA[]]></system-err>
</testsuite>
