<?xml version="1.0" encoding="UTF-8"?>
<testsuite name="spbstu.project.varann.VarannServiceTest" tests="1" skipped="0" failures="0" errors="0" timestamp="2020-12-10T20:15:05" hostname="DESKTOP-E01FUOQ" time="0.257">
  <properties/>
  <testcase name="annotate()" classname="spbstu.project.varann.VarannServiceTest" time="0.257"/>
  <system-out><![CDATA[2020-12-10 23:15:02.820  INFO 10844 --- [    Test worker] .b.t.c.SpringBootTestContextBootstrapper : Neither @ContextConfiguration nor @ContextHierarchy found for test class [spbstu.project.varann.VarannServiceTest], using SpringBootContextLoader
2020-12-10 23:15:02.821  INFO 10844 --- [    Test worker] o.s.t.c.support.AbstractContextLoader    : Could not detect default resource locations for test class [spbstu.project.varann.VarannServiceTest]: no resource found for suffixes {-context.xml, Context.groovy}.
2020-12-10 23:15:02.821  INFO 10844 --- [    Test worker] t.c.s.AnnotationConfigContextLoaderUtils : Could not detect default configuration classes for test class [spbstu.project.varann.VarannServiceTest]: VarannServiceTest does not declare any static, non-private, non-final, nested classes annotated with @Configuration.
2020-12-10 23:15:02.824  INFO 10844 --- [    Test worker] .b.t.c.SpringBootTestContextBootstrapper : Found @SpringBootConfiguration spbstu.project.varann.VarannApplication for test class spbstu.project.varann.VarannServiceTest
2020-12-10 23:15:02.826  INFO 10844 --- [    Test worker] .b.t.c.SpringBootTestContextBootstrapper : Loaded default TestExecutionListener class names from location [META-INF/spring.factories]: [org.springframework.boot.test.autoconfigure.restdocs.RestDocsTestExecutionListener, org.springframework.boot.test.autoconfigure.web.client.MockRestServiceServerResetTestExecutionListener, org.springframework.boot.test.autoconfigure.web.servlet.MockMvcPrintOnlyOnFailureTestExecutionListener, org.springframework.boot.test.autoconfigure.web.servlet.WebDriverTestExecutionListener, org.springframework.boot.test.mock.mockito.MockitoTestExecutionListener, org.springframework.boot.test.mock.mockito.ResetMocksTestExecutionListener, org.springframework.test.context.web.ServletTestExecutionListener, org.springframework.test.context.support.DirtiesContextBeforeModesTestExecutionListener, org.springframework.test.context.support.DependencyInjectionTestExecutionListener, org.springframework.test.context.support.DirtiesContextTestExecutionListener, org.springframework.test.context.transaction.TransactionalTestExecutionListener, org.springframework.test.context.jdbc.SqlScriptsTestExecutionListener, org.springframework.test.context.event.EventPublishingTestExecutionListener]
2020-12-10 23:15:02.826  INFO 10844 --- [    Test worker] .b.t.c.SpringBootTestContextBootstrapper : Using TestExecutionListeners: [org.springframework.test.context.web.ServletTestExecutionListener@eca2bb2, org.springframework.test.context.support.DirtiesContextBeforeModesTestExecutionListener@773f31c6, org.springframework.boot.test.mock.mockito.MockitoTestExecutionListener@2bb33649, org.springframework.boot.test.autoconfigure.SpringBootDependencyInjectionTestExecutionListener@77132e16, org.springframework.test.context.support.DirtiesContextTestExecutionListener@285b1cfd, org.springframework.test.context.transaction.TransactionalTestExecutionListener@2664a931, org.springframework.test.context.jdbc.SqlScriptsTestExecutionListener@1457c2ca, org.springframework.test.context.event.EventPublishingTestExecutionListener@7a5a2dc8, org.springframework.boot.test.autoconfigure.restdocs.RestDocsTestExecutionListener@a167a8a, org.springframework.boot.test.autoconfigure.web.client.MockRestServiceServerResetTestExecutionListener@9b877d8, org.springframework.boot.test.autoconfigure.web.servlet.MockMvcPrintOnlyOnFailureTestExecutionListener@23d3b5b7, org.springframework.boot.test.autoconfigure.web.servlet.WebDriverTestExecutionListener@8ccf868, org.springframework.boot.test.mock.mockito.ResetMocksTestExecutionListener@31b701d1]

  .   ____          _            __ _ _
 /\\ / ___'_ __ _ _(_)_ __  __ _ \ \ \ \
( ( )\___ | '_ | '_| | '_ \/ _` | \ \ \ \
 \\/  ___)| |_)| | | | | || (_| |  ) ) ) )
  '  |____| .__|_| |_|_| |_\__, | / / / /
 =========|_|==============|___/=/_/_/_/
 :: Spring Boot ::             (v2.3.0.M2)

2020-12-10 23:15:02.858  INFO 10844 --- [    Test worker] spbstu.project.varann.VarannServiceTest  : Starting VarannServiceTest on DESKTOP-E01FUOQ with PID 10844 (started by Ilya in D:\programming\varann)
2020-12-10 23:15:02.858  INFO 10844 --- [    Test worker] spbstu.project.varann.VarannServiceTest  : No active profile set, falling back to default profiles: default
2020-12-10 23:15:03.278  INFO 10844 --- [    Test worker] .s.d.r.c.RepositoryConfigurationDelegate : Bootstrapping Spring Data JPA repositories in DEFERRED mode.
2020-12-10 23:15:03.311  INFO 10844 --- [    Test worker] .s.d.r.c.RepositoryConfigurationDelegate : Finished Spring Data repository scanning in 28ms. Found 2 JPA repository interfaces.
2020-12-10 23:15:03.398  INFO 10844 --- [    Test worker] trationDelegate$BeanPostProcessorChecker : Bean 'org.springframework.transaction.annotation.ProxyTransactionManagementConfiguration' of type [org.springframework.transaction.annotation.ProxyTransactionManagementConfiguration] is not eligible for getting processed by all BeanPostProcessors (for example: not eligible for auto-proxying)
2020-12-10 23:15:03.422  INFO 10844 --- [    Test worker] trationDelegate$BeanPostProcessorChecker : Bean 'org.springframework.security.config.annotation.configuration.ObjectPostProcessorConfiguration' of type [org.springframework.security.config.annotation.configuration.ObjectPostProcessorConfiguration] is not eligible for getting processed by all BeanPostProcessors (for example: not eligible for auto-proxying)
2020-12-10 23:15:03.426  INFO 10844 --- [    Test worker] trationDelegate$BeanPostProcessorChecker : Bean 'objectPostProcessor' of type [org.springframework.security.config.annotation.configuration.AutowireBeanFactoryObjectPostProcessor] is not eligible for getting processed by all BeanPostProcessors (for example: not eligible for auto-proxying)
2020-12-10 23:15:03.428  INFO 10844 --- [    Test worker] trationDelegate$BeanPostProcessorChecker : Bean 'org.springframework.security.access.expression.method.DefaultMethodSecurityExpressionHandler@2d90115d' of type [org.springframework.security.access.expression.method.DefaultMethodSecurityExpressionHandler] is not eligible for getting processed by all BeanPostProcessors (for example: not eligible for auto-proxying)
2020-12-10 23:15:03.437  INFO 10844 --- [    Test worker] trationDelegate$BeanPostProcessorChecker : Bean 'org.springframework.security.config.annotation.method.configuration.GlobalMethodSecurityConfiguration' of type [org.springframework.security.config.annotation.method.configuration.GlobalMethodSecurityConfiguration] is not eligible for getting processed by all BeanPostProcessors (for example: not eligible for auto-proxying)
2020-12-10 23:15:03.440  INFO 10844 --- [    Test worker] trationDelegate$BeanPostProcessorChecker : Bean 'methodSecurityMetadataSource' of type [org.springframework.security.access.method.DelegatingMethodSecurityMetadataSource] is not eligible for getting processed by all BeanPostProcessors (for example: not eligible for auto-proxying)
2020-12-10 23:15:03.552  INFO 10844 --- [    Test worker] o.s.s.concurrent.ThreadPoolTaskExecutor  : Initializing ExecutorService 'applicationTaskExecutor'
2020-12-10 23:15:03.575  INFO 10844 --- [         task-1] o.hibernate.jpa.internal.util.LogHelper  : HHH000204: Processing PersistenceUnitInfo [name: default]
2020-12-10 23:15:03.588  INFO 10844 --- [         task-1] com.zaxxer.hikari.HikariDataSource       : HikariPool-3 - Starting...
2020-12-10 23:15:03.628  INFO 10844 --- [         task-1] com.zaxxer.hikari.HikariDataSource       : HikariPool-3 - Start completed.
2020-12-10 23:15:03.628  INFO 10844 --- [         task-1] org.hibernate.dialect.Dialect            : HHH000400: Using dialect: org.hibernate.dialect.PostgreSQL94Dialect
2020-12-10 23:15:03.659  WARN 10844 --- [    Test worker] JpaBaseConfiguration$JpaWebConfiguration : spring.jpa.open-in-view is enabled by default. Therefore, database queries may be performed during view rendering. Explicitly configure spring.jpa.open-in-view to disable this warning
2020-12-10 23:15:03.890  WARN 10844 --- [         task-1] org.hibernate.mapping.RootClass          : HHH000038: Composite-id class does not override equals(): spbstu.project.varann.domain.VariationID
2020-12-10 23:15:03.890  WARN 10844 --- [         task-1] org.hibernate.mapping.RootClass          : HHH000039: Composite-id class does not override hashCode(): spbstu.project.varann.domain.VariationID
2020-12-10 23:15:04.799  INFO 10844 --- [         task-1] o.h.e.t.j.p.i.JtaPlatformInitiator       : HHH000490: Using JtaPlatform implementation: [org.hibernate.engine.transaction.jta.platform.internal.NoJtaPlatform]
2020-12-10 23:15:04.799  INFO 10844 --- [         task-1] j.LocalContainerEntityManagerFactoryBean : Initialized JPA EntityManagerFactory for persistence unit 'default'
2020-12-10 23:15:05.157  INFO 10844 --- [    Test worker] o.s.s.web.DefaultSecurityFilterChain     : Creating filter chain: any request, [org.springframework.security.web.context.request.async.WebAsyncManagerIntegrationFilter@5e5b088a, org.springframework.security.web.context.SecurityContextPersistenceFilter@c75209, org.springframework.security.web.header.HeaderWriterFilter@24675ee, org.springframework.security.web.authentication.logout.LogoutFilter@1d712da0, org.springframework.security.web.authentication.www.BasicAuthenticationFilter@77097de5, org.springframework.security.web.savedrequest.RequestCacheAwareFilter@7f7e210e, org.springframework.security.web.servletapi.SecurityContextHolderAwareRequestFilter@4ea6c20a, org.springframework.security.web.authentication.AnonymousAuthenticationFilter@61649c3d, org.springframework.security.web.session.SessionManagementFilter@4eb4ecf2, org.springframework.security.web.access.ExceptionTranslationFilter@20ebe5aa, org.springframework.security.web.access.intercept.FilterSecurityInterceptor@6b5732e5]
2020-12-10 23:15:05.213  INFO 10844 --- [    Test worker] pertySourcedRequestMappingHandlerMapping : Mapped URL path [/v2/api-docs] onto method [springfox.documentation.swagger2.web.Swagger2Controller#getDocumentation(String, HttpServletRequest)]
2020-12-10 23:15:05.658  INFO 10844 --- [    Test worker] d.s.w.p.DocumentationPluginsBootstrapper : Context refreshed
2020-12-10 23:15:05.659  INFO 10844 --- [    Test worker] d.s.w.p.DocumentationPluginsBootstrapper : Found 1 custom documentation plugin(s)
2020-12-10 23:15:05.675  INFO 10844 --- [    Test worker] s.d.s.w.s.ApiListingReferenceScanner     : Scanning for api listing references
2020-12-10 23:15:05.712  INFO 10844 --- [    Test worker] DeferredRepositoryInitializationListener : Triggering deferred initialization of Spring Data repositories…
2020-12-10 23:15:05.736  INFO 10844 --- [    Test worker] DeferredRepositoryInitializationListener : Spring Data repositories initialized!
2020-12-10 23:15:05.739  INFO 10844 --- [    Test worker] spbstu.project.varann.VarannServiceTest  : Started VarannServiceTest in 2.91 seconds (JVM running for 19.501)
]]></system-out>
  <system-err><![CDATA[]]></system-err>
</testsuite>
