<?xml version="1.0" encoding="UTF-8"?>
<testsuite name="spbstu.project.varann.VarannControllerTests" tests="1" skipped="0" failures="0" errors="0" timestamp="2020-12-10T19:18:05" hostname="DESKTOP-E01FUOQ" time="0.585">
  <properties/>
  <testcase name="annotateTest()" classname="spbstu.project.varann.VarannControllerTests" time="0.585"/>
  <system-out><![CDATA[22:17:57.275 [Test worker] DEBUG org.springframework.test.context.BootstrapUtils - Instantiating CacheAwareContextLoaderDelegate from class [org.springframework.test.context.cache.DefaultCacheAwareContextLoaderDelegate]
22:17:57.291 [Test worker] DEBUG org.springframework.test.context.BootstrapUtils - Instantiating BootstrapContext using constructor [public org.springframework.test.context.support.DefaultBootstrapContext(java.lang.Class,org.springframework.test.context.CacheAwareContextLoaderDelegate)]
22:17:57.326 [Test worker] DEBUG org.springframework.test.context.BootstrapUtils - Instantiating TestContextBootstrapper for test class [spbstu.project.varann.VarannControllerTests] from class [org.springframework.boot.test.context.SpringBootTestContextBootstrapper]
22:17:57.345 [Test worker] INFO org.springframework.boot.test.context.SpringBootTestContextBootstrapper - Neither @ContextConfiguration nor @ContextHierarchy found for test class [spbstu.project.varann.VarannControllerTests], using SpringBootContextLoader
22:17:57.352 [Test worker] DEBUG org.springframework.test.context.support.AbstractContextLoader - Did not detect default resource location for test class [spbstu.project.varann.VarannControllerTests]: class path resource [spbstu/project/varann/VarannControllerTests-context.xml] does not exist
22:17:57.353 [Test worker] DEBUG org.springframework.test.context.support.AbstractContextLoader - Did not detect default resource location for test class [spbstu.project.varann.VarannControllerTests]: class path resource [spbstu/project/varann/VarannControllerTestsContext.groovy] does not exist
22:17:57.353 [Test worker] INFO org.springframework.test.context.support.AbstractContextLoader - Could not detect default resource locations for test class [spbstu.project.varann.VarannControllerTests]: no resource found for suffixes {-context.xml, Context.groovy}.
22:17:57.354 [Test worker] INFO org.springframework.test.context.support.AnnotationConfigContextLoaderUtils - Could not detect default configuration classes for test class [spbstu.project.varann.VarannControllerTests]: VarannControllerTests does not declare any static, non-private, non-final, nested classes annotated with @Configuration.
22:17:57.412 [Test worker] DEBUG org.springframework.test.context.support.ActiveProfilesUtils - Could not find an 'annotation declaring class' for annotation type [org.springframework.test.context.ActiveProfiles] and class [spbstu.project.varann.VarannControllerTests]
22:17:57.512 [Test worker] DEBUG org.springframework.context.annotation.ClassPathScanningCandidateComponentProvider - Identified candidate component class: file [D:\programming\varann\build\classes\java\main\spbstu\project\varann\VarannApplication.class]
22:17:57.515 [Test worker] INFO org.springframework.boot.test.context.SpringBootTestContextBootstrapper - Found @SpringBootConfiguration spbstu.project.varann.VarannApplication for test class spbstu.project.varann.VarannControllerTests
22:17:57.626 [Test worker] DEBUG org.springframework.boot.test.context.SpringBootTestContextBootstrapper - @TestExecutionListeners is not present for class [spbstu.project.varann.VarannControllerTests]: using defaults.
22:17:57.626 [Test worker] INFO org.springframework.boot.test.context.SpringBootTestContextBootstrapper - Loaded default TestExecutionListener class names from location [META-INF/spring.factories]: [org.springframework.boot.test.autoconfigure.restdocs.RestDocsTestExecutionListener, org.springframework.boot.test.autoconfigure.web.client.MockRestServiceServerResetTestExecutionListener, org.springframework.boot.test.autoconfigure.web.servlet.MockMvcPrintOnlyOnFailureTestExecutionListener, org.springframework.boot.test.autoconfigure.web.servlet.WebDriverTestExecutionListener, org.springframework.boot.test.mock.mockito.MockitoTestExecutionListener, org.springframework.boot.test.mock.mockito.ResetMocksTestExecutionListener, org.springframework.test.context.web.ServletTestExecutionListener, org.springframework.test.context.support.DirtiesContextBeforeModesTestExecutionListener, org.springframework.test.context.support.DependencyInjectionTestExecutionListener, org.springframework.test.context.support.DirtiesContextTestExecutionListener, org.springframework.test.context.transaction.TransactionalTestExecutionListener, org.springframework.test.context.jdbc.SqlScriptsTestExecutionListener, org.springframework.test.context.event.EventPublishingTestExecutionListener]
22:17:57.646 [Test worker] INFO org.springframework.boot.test.context.SpringBootTestContextBootstrapper - Using TestExecutionListeners: [org.springframework.test.context.web.ServletTestExecutionListener@538019ba, org.springframework.test.context.support.DirtiesContextBeforeModesTestExecutionListener@4f7037d3, org.springframework.boot.test.mock.mockito.MockitoTestExecutionListener@2a1e4e9a, org.springframework.boot.test.autoconfigure.SpringBootDependencyInjectionTestExecutionListener@69bb47ca, org.springframework.test.context.support.DirtiesContextTestExecutionListener@3aa5de8e, org.springframework.test.context.transaction.TransactionalTestExecutionListener@74a5a8a6, org.springframework.test.context.jdbc.SqlScriptsTestExecutionListener@2c175236, org.springframework.test.context.event.EventPublishingTestExecutionListener@1fa1d569, org.springframework.boot.test.autoconfigure.restdocs.RestDocsTestExecutionListener@b6439bd, org.springframework.boot.test.autoconfigure.web.client.MockRestServiceServerResetTestExecutionListener@52dd40ef, org.springframework.boot.test.autoconfigure.web.servlet.MockMvcPrintOnlyOnFailureTestExecutionListener@444d2e60, org.springframework.boot.test.autoconfigure.web.servlet.WebDriverTestExecutionListener@55d6b11d, org.springframework.boot.test.mock.mockito.ResetMocksTestExecutionListener@7f55d3cb]
22:17:57.651 [Test worker] DEBUG org.springframework.test.context.support.AbstractDirtiesContextTestExecutionListener - Before test class: context [DefaultTestContext@2c588689 testClass = VarannControllerTests, testInstance = [null], testMethod = [null], testException = [null], mergedContextConfiguration = [WebMergedContextConfiguration@41cfb570 testClass = VarannControllerTests, locations = '{}', classes = '{class spbstu.project.varann.VarannApplication}', contextInitializerClasses = '[]', activeProfiles = '{}', propertySourceLocations = '{}', propertySourceProperties = '{org.springframework.boot.test.context.SpringBootTestContextBootstrapper=true}', contextCustomizers = set[org.springframework.boot.test.autoconfigure.properties.PropertyMappingContextCustomizer@4b3fa0b3, org.springframework.boot.test.autoconfigure.web.servlet.WebDriverContextCustomizerFactory$Customizer@26a92e40, [ImportsContextCustomizer@3a646b6a key = [org.springframework.boot.test.autoconfigure.web.servlet.MockMvcAutoConfiguration, org.springframework.boot.test.autoconfigure.web.servlet.MockMvcWebClientAutoConfiguration, org.springframework.boot.test.autoconfigure.web.servlet.MockMvcWebDriverAutoConfiguration, org.springframework.boot.autoconfigure.security.oauth2.client.servlet.OAuth2ClientAutoConfiguration, org.springframework.boot.autoconfigure.security.oauth2.resource.servlet.OAuth2ResourceServerAutoConfiguration, org.springframework.boot.autoconfigure.security.servlet.SecurityAutoConfiguration, org.springframework.boot.autoconfigure.security.servlet.UserDetailsServiceAutoConfiguration, org.springframework.boot.test.autoconfigure.web.servlet.MockMvcSecurityConfiguration]], org.springframework.boot.test.context.filter.ExcludeFilterContextCustomizer@49cb276b, org.springframework.boot.test.json.DuplicateJsonObjectContextCustomizerFactory$DuplicateJsonObjectContextCustomizer@47f072bb, org.springframework.boot.test.mock.mockito.MockitoContextCustomizer@0, org.springframework.boot.test.web.client.TestRestTemplateContextCustomizer@307d59de], resourceBasePath = 'src/main/webapp', contextLoader = 'org.springframework.boot.test.context.SpringBootContextLoader', parent = [null]], attributes = map['org.springframework.test.context.web.ServletTestExecutionListener.activateListener' -> true]], class annotated with @DirtiesContext [false] with mode [null].
22:17:57.684 [Test worker] DEBUG org.springframework.test.context.support.TestPropertySourceUtils - Adding inlined properties to environment: {spring.jmx.enabled=false, org.springframework.boot.test.context.SpringBootTestContextBootstrapper=true, server.port=-1}

  .   ____          _            __ _ _
 /\\ / ___'_ __ _ _(_)_ __  __ _ \ \ \ \
( ( )\___ | '_ | '_| | '_ \/ _` | \ \ \ \
 \\/  ___)| |_)| | | | | || (_| |  ) ) ) )
  '  |____| .__|_| |_|_| |_\__, | / / / /
 =========|_|==============|___/=/_/_/_/
 :: Spring Boot ::             (v2.3.0.M2)

2020-12-10 22:17:58.057  INFO 9240 --- [    Test worker] s.project.varann.VarannControllerTests   : Starting VarannControllerTests on DESKTOP-E01FUOQ with PID 9240 (started by Ilya in D:\programming\varann)
2020-12-10 22:17:58.059  INFO 9240 --- [    Test worker] s.project.varann.VarannControllerTests   : No active profile set, falling back to default profiles: default
2020-12-10 22:17:59.295  INFO 9240 --- [    Test worker] .s.d.r.c.RepositoryConfigurationDelegate : Bootstrapping Spring Data JPA repositories in DEFERRED mode.
2020-12-10 22:17:59.400  INFO 9240 --- [    Test worker] .s.d.r.c.RepositoryConfigurationDelegate : Finished Spring Data repository scanning in 90ms. Found 2 JPA repository interfaces.
2020-12-10 22:17:59.975  INFO 9240 --- [    Test worker] trationDelegate$BeanPostProcessorChecker : Bean 'org.springframework.transaction.annotation.ProxyTransactionManagementConfiguration' of type [org.springframework.transaction.annotation.ProxyTransactionManagementConfiguration] is not eligible for getting processed by all BeanPostProcessors (for example: not eligible for auto-proxying)
2020-12-10 22:18:00.026  INFO 9240 --- [    Test worker] trationDelegate$BeanPostProcessorChecker : Bean 'org.springframework.security.config.annotation.configuration.ObjectPostProcessorConfiguration' of type [org.springframework.security.config.annotation.configuration.ObjectPostProcessorConfiguration] is not eligible for getting processed by all BeanPostProcessors (for example: not eligible for auto-proxying)
2020-12-10 22:18:00.040  INFO 9240 --- [    Test worker] trationDelegate$BeanPostProcessorChecker : Bean 'objectPostProcessor' of type [org.springframework.security.config.annotation.configuration.AutowireBeanFactoryObjectPostProcessor] is not eligible for getting processed by all BeanPostProcessors (for example: not eligible for auto-proxying)
2020-12-10 22:18:00.043  INFO 9240 --- [    Test worker] trationDelegate$BeanPostProcessorChecker : Bean 'org.springframework.security.access.expression.method.DefaultMethodSecurityExpressionHandler@221d765' of type [org.springframework.security.access.expression.method.DefaultMethodSecurityExpressionHandler] is not eligible for getting processed by all BeanPostProcessors (for example: not eligible for auto-proxying)
2020-12-10 22:18:00.053  INFO 9240 --- [    Test worker] trationDelegate$BeanPostProcessorChecker : Bean 'org.springframework.security.config.annotation.method.configuration.GlobalMethodSecurityConfiguration' of type [org.springframework.security.config.annotation.method.configuration.GlobalMethodSecurityConfiguration] is not eligible for getting processed by all BeanPostProcessors (for example: not eligible for auto-proxying)
2020-12-10 22:18:00.063  INFO 9240 --- [    Test worker] trationDelegate$BeanPostProcessorChecker : Bean 'methodSecurityMetadataSource' of type [org.springframework.security.access.method.DelegatingMethodSecurityMetadataSource] is not eligible for getting processed by all BeanPostProcessors (for example: not eligible for auto-proxying)
2020-12-10 22:18:00.399  INFO 9240 --- [    Test worker] o.s.s.concurrent.ThreadPoolTaskExecutor  : Initializing ExecutorService 'applicationTaskExecutor'
2020-12-10 22:18:00.516  INFO 9240 --- [         task-1] o.hibernate.jpa.internal.util.LogHelper  : HHH000204: Processing PersistenceUnitInfo [name: default]
2020-12-10 22:18:00.629  WARN 9240 --- [    Test worker] JpaBaseConfiguration$JpaWebConfiguration : spring.jpa.open-in-view is enabled by default. Therefore, database queries may be performed during view rendering. Explicitly configure spring.jpa.open-in-view to disable this warning
2020-12-10 22:18:00.659  INFO 9240 --- [         task-1] org.hibernate.Version                    : HHH000412: Hibernate Core {5.4.11.Final}
2020-12-10 22:18:00.987  INFO 9240 --- [         task-1] o.hibernate.annotations.common.Version   : HCANN000001: Hibernate Commons Annotations {5.1.0.Final}
2020-12-10 22:18:01.187  INFO 9240 --- [         task-1] com.zaxxer.hikari.HikariDataSource       : HikariPool-1 - Starting...
2020-12-10 22:18:01.370  INFO 9240 --- [         task-1] com.zaxxer.hikari.HikariDataSource       : HikariPool-1 - Start completed.
2020-12-10 22:18:01.398  INFO 9240 --- [         task-1] org.hibernate.dialect.Dialect            : HHH000400: Using dialect: org.hibernate.dialect.PostgreSQL94Dialect
2020-12-10 22:18:01.925  WARN 9240 --- [         task-1] org.hibernate.mapping.RootClass          : HHH000038: Composite-id class does not override equals(): spbstu.project.varann.domain.VariationID
2020-12-10 22:18:01.925  WARN 9240 --- [         task-1] org.hibernate.mapping.RootClass          : HHH000039: Composite-id class does not override hashCode(): spbstu.project.varann.domain.VariationID
2020-12-10 22:18:02.706  INFO 9240 --- [         task-1] o.h.e.t.j.p.i.JtaPlatformInitiator       : HHH000490: Using JtaPlatform implementation: [org.hibernate.engine.transaction.jta.platform.internal.NoJtaPlatform]
2020-12-10 22:18:02.716  INFO 9240 --- [         task-1] j.LocalContainerEntityManagerFactoryBean : Initialized JPA EntityManagerFactory for persistence unit 'default'
2020-12-10 22:18:03.504  INFO 9240 --- [    Test worker] o.s.s.web.DefaultSecurityFilterChain     : Creating filter chain: any request, [org.springframework.security.web.context.request.async.WebAsyncManagerIntegrationFilter@7eb8ace8, org.springframework.security.web.context.SecurityContextPersistenceFilter@31833dbe, org.springframework.security.web.header.HeaderWriterFilter@37b64994, org.springframework.security.web.authentication.logout.LogoutFilter@2edf58b4, org.springframework.security.web.authentication.www.BasicAuthenticationFilter@2f0cbd15, org.springframework.security.web.savedrequest.RequestCacheAwareFilter@44719fd8, org.springframework.security.web.servletapi.SecurityContextHolderAwareRequestFilter@232bfc1d, org.springframework.security.web.authentication.AnonymousAuthenticationFilter@27c27ab4, org.springframework.security.web.session.SessionManagementFilter@28610270, org.springframework.security.web.access.ExceptionTranslationFilter@693f375c, org.springframework.security.web.access.intercept.FilterSecurityInterceptor@6702ea0]
2020-12-10 22:18:03.593  INFO 9240 --- [    Test worker] pertySourcedRequestMappingHandlerMapping : Mapped URL path [/v2/api-docs] onto method [springfox.documentation.swagger2.web.Swagger2Controller#getDocumentation(String, HttpServletRequest)]
2020-12-10 22:18:04.459  INFO 9240 --- [    Test worker] o.s.b.t.m.w.SpringBootMockServletContext : Initializing Spring TestDispatcherServlet ''
2020-12-10 22:18:04.459  INFO 9240 --- [    Test worker] o.s.t.web.servlet.TestDispatcherServlet  : Initializing Servlet ''
2020-12-10 22:18:04.484  INFO 9240 --- [    Test worker] o.s.t.web.servlet.TestDispatcherServlet  : Completed initialization in 25 ms
2020-12-10 22:18:04.523  INFO 9240 --- [    Test worker] d.s.w.p.DocumentationPluginsBootstrapper : Context refreshed
2020-12-10 22:18:04.564  INFO 9240 --- [    Test worker] d.s.w.p.DocumentationPluginsBootstrapper : Found 1 custom documentation plugin(s)
2020-12-10 22:18:04.598  INFO 9240 --- [    Test worker] s.d.s.w.s.ApiListingReferenceScanner     : Scanning for api listing references
2020-12-10 22:18:04.783  INFO 9240 --- [    Test worker] DeferredRepositoryInitializationListener : Triggering deferred initialization of Spring Data repositories…
2020-12-10 22:18:04.965  INFO 9240 --- [    Test worker] DeferredRepositoryInitializationListener : Spring Data repositories initialized!
2020-12-10 22:18:04.976  INFO 9240 --- [    Test worker] s.project.varann.VarannControllerTests   : Started VarannControllerTests in 7.277 seconds (JVM running for 9.342)
]]></system-out>
  <system-err><![CDATA[]]></system-err>
</testsuite>
