<?xml version="1.0" encoding="UTF-8"?>
<testsuite name="spbstu.project.varann.VarannApplicationTests" tests="1" skipped="0" failures="0" errors="0" timestamp="2020-12-13T14:13:19" hostname="DESKTOP-E01FUOQ" time="0.141">
  <properties/>
  <testcase name="contextLoads()" classname="spbstu.project.varann.VarannApplicationTests" time="0.141"/>
  <system-out><![CDATA[17:13:10.607 [Test worker] DEBUG org.springframework.test.context.BootstrapUtils - Instantiating CacheAwareContextLoaderDelegate from class [org.springframework.test.context.cache.DefaultCacheAwareContextLoaderDelegate]
17:13:10.626 [Test worker] DEBUG org.springframework.test.context.BootstrapUtils - Instantiating BootstrapContext using constructor [public org.springframework.test.context.support.DefaultBootstrapContext(java.lang.Class,org.springframework.test.context.CacheAwareContextLoaderDelegate)]
17:13:10.671 [Test worker] DEBUG org.springframework.test.context.BootstrapUtils - Instantiating TestContextBootstrapper for test class [spbstu.project.varann.VarannApplicationTests] from class [org.springframework.boot.test.context.SpringBootTestContextBootstrapper]
17:13:10.696 [Test worker] INFO org.springframework.boot.test.context.SpringBootTestContextBootstrapper - Neither @ContextConfiguration nor @ContextHierarchy found for test class [spbstu.project.varann.VarannApplicationTests], using SpringBootContextLoader
17:13:10.703 [Test worker] DEBUG org.springframework.test.context.support.AbstractContextLoader - Did not detect default resource location for test class [spbstu.project.varann.VarannApplicationTests]: class path resource [spbstu/project/varann/VarannApplicationTests-context.xml] does not exist
17:13:10.704 [Test worker] DEBUG org.springframework.test.context.support.AbstractContextLoader - Did not detect default resource location for test class [spbstu.project.varann.VarannApplicationTests]: class path resource [spbstu/project/varann/VarannApplicationTestsContext.groovy] does not exist
17:13:10.704 [Test worker] INFO org.springframework.test.context.support.AbstractContextLoader - Could not detect default resource locations for test class [spbstu.project.varann.VarannApplicationTests]: no resource found for suffixes {-context.xml, Context.groovy}.
17:13:10.705 [Test worker] INFO org.springframework.test.context.support.AnnotationConfigContextLoaderUtils - Could not detect default configuration classes for test class [spbstu.project.varann.VarannApplicationTests]: VarannApplicationTests does not declare any static, non-private, non-final, nested classes annotated with @Configuration.
17:13:10.758 [Test worker] DEBUG org.springframework.test.context.support.ActiveProfilesUtils - Could not find an 'annotation declaring class' for annotation type [org.springframework.test.context.ActiveProfiles] and class [spbstu.project.varann.VarannApplicationTests]
17:13:10.911 [Test worker] DEBUG org.springframework.context.annotation.ClassPathScanningCandidateComponentProvider - Identified candidate component class: file [D:\programming\varann\build\classes\java\main\spbstu\project\varann\VarannApplication.class]
17:13:10.914 [Test worker] INFO org.springframework.boot.test.context.SpringBootTestContextBootstrapper - Found @SpringBootConfiguration spbstu.project.varann.VarannApplication for test class spbstu.project.varann.VarannApplicationTests
17:13:11.104 [Test worker] DEBUG org.springframework.boot.test.context.SpringBootTestContextBootstrapper - @TestExecutionListeners is not present for class [spbstu.project.varann.VarannApplicationTests]: using defaults.
17:13:11.105 [Test worker] INFO org.springframework.boot.test.context.SpringBootTestContextBootstrapper - Loaded default TestExecutionListener class names from location [META-INF/spring.factories]: [org.springframework.boot.test.autoconfigure.restdocs.RestDocsTestExecutionListener, org.springframework.boot.test.autoconfigure.web.client.MockRestServiceServerResetTestExecutionListener, org.springframework.boot.test.autoconfigure.web.servlet.MockMvcPrintOnlyOnFailureTestExecutionListener, org.springframework.boot.test.autoconfigure.web.servlet.WebDriverTestExecutionListener, org.springframework.boot.test.mock.mockito.MockitoTestExecutionListener, org.springframework.boot.test.mock.mockito.ResetMocksTestExecutionListener, org.springframework.test.context.web.ServletTestExecutionListener, org.springframework.test.context.support.DirtiesContextBeforeModesTestExecutionListener, org.springframework.test.context.support.DependencyInjectionTestExecutionListener, org.springframework.test.context.support.DirtiesContextTestExecutionListener, org.springframework.test.context.transaction.TransactionalTestExecutionListener, org.springframework.test.context.jdbc.SqlScriptsTestExecutionListener, org.springframework.test.context.event.EventPublishingTestExecutionListener]
17:13:11.130 [Test worker] INFO org.springframework.boot.test.context.SpringBootTestContextBootstrapper - Using TestExecutionListeners: [org.springframework.test.context.web.ServletTestExecutionListener@7cec2e98, org.springframework.test.context.support.DirtiesContextBeforeModesTestExecutionListener@7ca083cb, org.springframework.boot.test.mock.mockito.MockitoTestExecutionListener@2ace5dd7, org.springframework.boot.test.autoconfigure.SpringBootDependencyInjectionTestExecutionListener@15e12250, org.springframework.test.context.support.DirtiesContextTestExecutionListener@8e4569a, org.springframework.test.context.transaction.TransactionalTestExecutionListener@70a22296, org.springframework.test.context.jdbc.SqlScriptsTestExecutionListener@285ae9b0, org.springframework.test.context.event.EventPublishingTestExecutionListener@34b5ad49, org.springframework.boot.test.autoconfigure.restdocs.RestDocsTestExecutionListener@1e4f6dc3, org.springframework.boot.test.autoconfigure.web.client.MockRestServiceServerResetTestExecutionListener@7f984a0e, org.springframework.boot.test.autoconfigure.web.servlet.MockMvcPrintOnlyOnFailureTestExecutionListener@f03b24, org.springframework.boot.test.autoconfigure.web.servlet.WebDriverTestExecutionListener@19360196, org.springframework.boot.test.mock.mockito.ResetMocksTestExecutionListener@7c725606]
17:13:11.135 [Test worker] DEBUG org.springframework.test.context.support.AbstractDirtiesContextTestExecutionListener - Before test class: context [DefaultTestContext@fb82b66 testClass = VarannApplicationTests, testInstance = [null], testMethod = [null], testException = [null], mergedContextConfiguration = [WebMergedContextConfiguration@12bfda79 testClass = VarannApplicationTests, locations = '{}', classes = '{class spbstu.project.varann.VarannApplication}', contextInitializerClasses = '[]', activeProfiles = '{}', propertySourceLocations = '{}', propertySourceProperties = '{org.springframework.boot.test.context.SpringBootTestContextBootstrapper=true}', contextCustomizers = set[org.springframework.boot.test.autoconfigure.properties.PropertyMappingContextCustomizer@0, org.springframework.boot.test.autoconfigure.web.servlet.WebDriverContextCustomizerFactory$Customizer@626aeb63, org.springframework.boot.test.context.filter.ExcludeFilterContextCustomizer@655bd2e3, org.springframework.boot.test.json.DuplicateJsonObjectContextCustomizerFactory$DuplicateJsonObjectContextCustomizer@19d63a26, org.springframework.boot.test.mock.mockito.MockitoContextCustomizer@0, org.springframework.boot.test.web.client.TestRestTemplateContextCustomizer@35913523], resourceBasePath = 'src/main/webapp', contextLoader = 'org.springframework.boot.test.context.SpringBootContextLoader', parent = [null]], attributes = map['org.springframework.test.context.web.ServletTestExecutionListener.activateListener' -> true]], class annotated with @DirtiesContext [false] with mode [null].
17:13:11.210 [Test worker] DEBUG org.springframework.test.context.support.TestPropertySourceUtils - Adding inlined properties to environment: {spring.jmx.enabled=false, org.springframework.boot.test.context.SpringBootTestContextBootstrapper=true, server.port=-1}

  .   ____          _            __ _ _
 /\\ / ___'_ __ _ _(_)_ __  __ _ \ \ \ \
( ( )\___ | '_ | '_| | '_ \/ _` | \ \ \ \
 \\/  ___)| |_)| | | | | || (_| |  ) ) ) )
  '  |____| .__|_| |_|_| |_\__, | / / / /
 =========|_|==============|___/=/_/_/_/
 :: Spring Boot ::             (v2.3.0.M2)

2020-12-13 17:13:11.704  INFO 7744 --- [    Test worker] s.project.varann.VarannApplicationTests  : Starting VarannApplicationTests on DESKTOP-E01FUOQ with PID 7744 (started by Ilya in D:\programming\varann)
2020-12-13 17:13:11.706  INFO 7744 --- [    Test worker] s.project.varann.VarannApplicationTests  : No active profile set, falling back to default profiles: default
2020-12-13 17:13:13.280  INFO 7744 --- [    Test worker] .s.d.r.c.RepositoryConfigurationDelegate : Bootstrapping Spring Data JPA repositories in DEFERRED mode.
2020-12-13 17:13:13.384  INFO 7744 --- [    Test worker] .s.d.r.c.RepositoryConfigurationDelegate : Finished Spring Data repository scanning in 92ms. Found 2 JPA repository interfaces.
2020-12-13 17:13:14.518  INFO 7744 --- [    Test worker] trationDelegate$BeanPostProcessorChecker : Bean 'org.springframework.transaction.annotation.ProxyTransactionManagementConfiguration' of type [org.springframework.transaction.annotation.ProxyTransactionManagementConfiguration] is not eligible for getting processed by all BeanPostProcessors (for example: not eligible for auto-proxying)
2020-12-13 17:13:14.560  INFO 7744 --- [    Test worker] trationDelegate$BeanPostProcessorChecker : Bean 'org.springframework.security.config.annotation.configuration.ObjectPostProcessorConfiguration' of type [org.springframework.security.config.annotation.configuration.ObjectPostProcessorConfiguration] is not eligible for getting processed by all BeanPostProcessors (for example: not eligible for auto-proxying)
2020-12-13 17:13:14.574  INFO 7744 --- [    Test worker] trationDelegate$BeanPostProcessorChecker : Bean 'objectPostProcessor' of type [org.springframework.security.config.annotation.configuration.AutowireBeanFactoryObjectPostProcessor] is not eligible for getting processed by all BeanPostProcessors (for example: not eligible for auto-proxying)
2020-12-13 17:13:14.576  INFO 7744 --- [    Test worker] trationDelegate$BeanPostProcessorChecker : Bean 'org.springframework.security.access.expression.method.DefaultMethodSecurityExpressionHandler@485cd4a3' of type [org.springframework.security.access.expression.method.DefaultMethodSecurityExpressionHandler] is not eligible for getting processed by all BeanPostProcessors (for example: not eligible for auto-proxying)
2020-12-13 17:13:14.585  INFO 7744 --- [    Test worker] trationDelegate$BeanPostProcessorChecker : Bean 'org.springframework.security.config.annotation.method.configuration.GlobalMethodSecurityConfiguration' of type [org.springframework.security.config.annotation.method.configuration.GlobalMethodSecurityConfiguration] is not eligible for getting processed by all BeanPostProcessors (for example: not eligible for auto-proxying)
2020-12-13 17:13:14.594  INFO 7744 --- [    Test worker] trationDelegate$BeanPostProcessorChecker : Bean 'methodSecurityMetadataSource' of type [org.springframework.security.access.method.DelegatingMethodSecurityMetadataSource] is not eligible for getting processed by all BeanPostProcessors (for example: not eligible for auto-proxying)
2020-12-13 17:13:15.407  INFO 7744 --- [    Test worker] o.s.s.concurrent.ThreadPoolTaskExecutor  : Initializing ExecutorService 'applicationTaskExecutor'
2020-12-13 17:13:15.501  INFO 7744 --- [         task-1] o.hibernate.jpa.internal.util.LogHelper  : HHH000204: Processing PersistenceUnitInfo [name: default]
2020-12-13 17:13:15.660  WARN 7744 --- [    Test worker] JpaBaseConfiguration$JpaWebConfiguration : spring.jpa.open-in-view is enabled by default. Therefore, database queries may be performed during view rendering. Explicitly configure spring.jpa.open-in-view to disable this warning
2020-12-13 17:13:15.715  INFO 7744 --- [         task-1] org.hibernate.Version                    : HHH000412: Hibernate Core {5.4.11.Final}
2020-12-13 17:13:15.993  INFO 7744 --- [         task-1] o.hibernate.annotations.common.Version   : HCANN000001: Hibernate Commons Annotations {5.1.0.Final}
2020-12-13 17:13:16.208  INFO 7744 --- [         task-1] com.zaxxer.hikari.HikariDataSource       : HikariPool-1 - Starting...
2020-12-13 17:13:16.535  INFO 7744 --- [         task-1] com.zaxxer.hikari.HikariDataSource       : HikariPool-1 - Start completed.
2020-12-13 17:13:16.577  INFO 7744 --- [         task-1] org.hibernate.dialect.Dialect            : HHH000400: Using dialect: org.hibernate.dialect.PostgreSQL94Dialect
2020-12-13 17:13:16.965  WARN 7744 --- [         task-1] org.hibernate.mapping.RootClass          : HHH000038: Composite-id class does not override equals(): spbstu.project.varann.domain.VariationID
2020-12-13 17:13:16.966  WARN 7744 --- [         task-1] org.hibernate.mapping.RootClass          : HHH000039: Composite-id class does not override hashCode(): spbstu.project.varann.domain.VariationID
2020-12-13 17:13:17.666  INFO 7744 --- [         task-1] o.h.e.t.j.p.i.JtaPlatformInitiator       : HHH000490: Using JtaPlatform implementation: [org.hibernate.engine.transaction.jta.platform.internal.NoJtaPlatform]
2020-12-13 17:13:17.678  INFO 7744 --- [         task-1] j.LocalContainerEntityManagerFactoryBean : Initialized JPA EntityManagerFactory for persistence unit 'default'
2020-12-13 17:13:18.464  INFO 7744 --- [    Test worker] o.s.s.web.DefaultSecurityFilterChain     : Creating filter chain: any request, [org.springframework.security.web.context.request.async.WebAsyncManagerIntegrationFilter@92657a7, org.springframework.security.web.context.SecurityContextPersistenceFilter@22da8021, org.springframework.security.web.header.HeaderWriterFilter@618b0aa5, org.springframework.security.web.authentication.logout.LogoutFilter@192b44d6, org.springframework.security.web.authentication.www.BasicAuthenticationFilter@1a02bbb5, org.springframework.security.web.savedrequest.RequestCacheAwareFilter@24e91621, org.springframework.security.web.servletapi.SecurityContextHolderAwareRequestFilter@66faa254, org.springframework.security.web.authentication.AnonymousAuthenticationFilter@6e44a8a4, org.springframework.security.web.session.SessionManagementFilter@120888d5, org.springframework.security.web.access.ExceptionTranslationFilter@58564f4b, org.springframework.security.web.access.intercept.FilterSecurityInterceptor@3ffa1a75]
2020-12-13 17:13:18.549  INFO 7744 --- [    Test worker] pertySourcedRequestMappingHandlerMapping : Mapped URL path [/v2/api-docs] onto method [springfox.documentation.swagger2.web.Swagger2Controller#getDocumentation(String, HttpServletRequest)]
2020-12-13 17:13:19.501  INFO 7744 --- [    Test worker] d.s.w.p.DocumentationPluginsBootstrapper : Context refreshed
2020-12-13 17:13:19.529  INFO 7744 --- [    Test worker] d.s.w.p.DocumentationPluginsBootstrapper : Found 1 custom documentation plugin(s)
2020-12-13 17:13:19.559  INFO 7744 --- [    Test worker] s.d.s.w.s.ApiListingReferenceScanner     : Scanning for api listing references
2020-12-13 17:13:19.738  INFO 7744 --- [    Test worker] DeferredRepositoryInitializationListener : Triggering deferred initialization of Spring Data repositories…
2020-12-13 17:13:19.907  INFO 7744 --- [    Test worker] DeferredRepositoryInitializationListener : Spring Data repositories initialized!
2020-12-13 17:13:19.918  INFO 7744 --- [    Test worker] s.project.varann.VarannApplicationTests  : Started VarannApplicationTests in 8.687 seconds (JVM running for 12.567)
]]></system-out>
  <system-err><![CDATA[]]></system-err>
</testsuite>
