<?xml version="1.0" encoding="UTF-8"?>
<testsuite name="spbstu.project.varann.VarannControllerTests" tests="2" skipped="0" failures="0" errors="0" timestamp="2020-12-12T19:53:43" hostname="DESKTOP-E01FUOQ" time="0.477">
  <properties/>
  <testcase name="annotateTest()" classname="spbstu.project.varann.VarannControllerTests" time="0.34"/>
  <testcase name="storeVatiationTest()" classname="spbstu.project.varann.VarannControllerTests" time="0.135"/>
  <system-out><![CDATA[2020-12-12 22:53:40.498  INFO 3876 --- [    Test worker] .b.t.c.SpringBootTestContextBootstrapper : Neither @ContextConfiguration nor @ContextHierarchy found for test class [spbstu.project.varann.VarannControllerTests], using SpringBootContextLoader
2020-12-12 22:53:40.501  INFO 3876 --- [    Test worker] o.s.t.c.support.AbstractContextLoader    : Could not detect default resource locations for test class [spbstu.project.varann.VarannControllerTests]: no resource found for suffixes {-context.xml, Context.groovy}.
2020-12-12 22:53:40.501  INFO 3876 --- [    Test worker] t.c.s.AnnotationConfigContextLoaderUtils : Could not detect default configuration classes for test class [spbstu.project.varann.VarannControllerTests]: VarannControllerTests does not declare any static, non-private, non-final, nested classes annotated with @Configuration.
2020-12-12 22:53:40.511  INFO 3876 --- [    Test worker] .b.t.c.SpringBootTestContextBootstrapper : Found @SpringBootConfiguration spbstu.project.varann.VarannApplication for test class spbstu.project.varann.VarannControllerTests
2020-12-12 22:53:40.515  INFO 3876 --- [    Test worker] .b.t.c.SpringBootTestContextBootstrapper : Loaded default TestExecutionListener class names from location [META-INF/spring.factories]: [org.springframework.boot.test.autoconfigure.restdocs.RestDocsTestExecutionListener, org.springframework.boot.test.autoconfigure.web.client.MockRestServiceServerResetTestExecutionListener, org.springframework.boot.test.autoconfigure.web.servlet.MockMvcPrintOnlyOnFailureTestExecutionListener, org.springframework.boot.test.autoconfigure.web.servlet.WebDriverTestExecutionListener, org.springframework.boot.test.mock.mockito.MockitoTestExecutionListener, org.springframework.boot.test.mock.mockito.ResetMocksTestExecutionListener, org.springframework.test.context.web.ServletTestExecutionListener, org.springframework.test.context.support.DirtiesContextBeforeModesTestExecutionListener, org.springframework.test.context.support.DependencyInjectionTestExecutionListener, org.springframework.test.context.support.DirtiesContextTestExecutionListener, org.springframework.test.context.transaction.TransactionalTestExecutionListener, org.springframework.test.context.jdbc.SqlScriptsTestExecutionListener, org.springframework.test.context.event.EventPublishingTestExecutionListener]
2020-12-12 22:53:40.517  INFO 3876 --- [    Test worker] .b.t.c.SpringBootTestContextBootstrapper : Using TestExecutionListeners: [org.springframework.test.context.web.ServletTestExecutionListener@51391baa, org.springframework.test.context.support.DirtiesContextBeforeModesTestExecutionListener@3a6f1f60, org.springframework.boot.test.mock.mockito.MockitoTestExecutionListener@39cb715f, org.springframework.boot.test.autoconfigure.SpringBootDependencyInjectionTestExecutionListener@4e5b41d3, org.springframework.test.context.support.DirtiesContextTestExecutionListener@5726f7f9, org.springframework.test.context.transaction.TransactionalTestExecutionListener@15707662, org.springframework.test.context.jdbc.SqlScriptsTestExecutionListener@77d3ac1a, org.springframework.test.context.event.EventPublishingTestExecutionListener@63922eea, org.springframework.boot.test.autoconfigure.restdocs.RestDocsTestExecutionListener@36b845e, org.springframework.boot.test.autoconfigure.web.client.MockRestServiceServerResetTestExecutionListener@15be2137, org.springframework.boot.test.autoconfigure.web.servlet.MockMvcPrintOnlyOnFailureTestExecutionListener@7fe7ece6, org.springframework.boot.test.autoconfigure.web.servlet.WebDriverTestExecutionListener@df0688e, org.springframework.boot.test.mock.mockito.ResetMocksTestExecutionListener@52e6541a]

  .   ____          _            __ _ _
 /\\ / ___'_ __ _ _(_)_ __  __ _ \ \ \ \
( ( )\___ | '_ | '_| | '_ \/ _` | \ \ \ \
 \\/  ___)| |_)| | | | | || (_| |  ) ) ) )
  '  |____| .__|_| |_|_| |_\__, | / / / /
 =========|_|==============|___/=/_/_/_/
 :: Spring Boot ::             (v2.3.0.M2)

2020-12-12 22:53:40.586  INFO 3876 --- [    Test worker] s.project.varann.VarannControllerTests   : Starting VarannControllerTests on DESKTOP-E01FUOQ with PID 3876 (started by Ilya in D:\programming\varann)
2020-12-12 22:53:40.588  INFO 3876 --- [    Test worker] s.project.varann.VarannControllerTests   : No active profile set, falling back to default profiles: default
2020-12-12 22:53:41.085  INFO 3876 --- [    Test worker] .s.d.r.c.RepositoryConfigurationDelegate : Bootstrapping Spring Data JPA repositories in DEFERRED mode.
2020-12-12 22:53:41.125  INFO 3876 --- [    Test worker] .s.d.r.c.RepositoryConfigurationDelegate : Finished Spring Data repository scanning in 39ms. Found 2 JPA repository interfaces.
2020-12-12 22:53:41.226  INFO 3876 --- [    Test worker] trationDelegate$BeanPostProcessorChecker : Bean 'org.springframework.transaction.annotation.ProxyTransactionManagementConfiguration' of type [org.springframework.transaction.annotation.ProxyTransactionManagementConfiguration] is not eligible for getting processed by all BeanPostProcessors (for example: not eligible for auto-proxying)
2020-12-12 22:53:41.260  INFO 3876 --- [    Test worker] trationDelegate$BeanPostProcessorChecker : Bean 'org.springframework.security.config.annotation.configuration.ObjectPostProcessorConfiguration' of type [org.springframework.security.config.annotation.configuration.ObjectPostProcessorConfiguration] is not eligible for getting processed by all BeanPostProcessors (for example: not eligible for auto-proxying)
2020-12-12 22:53:41.268  INFO 3876 --- [    Test worker] trationDelegate$BeanPostProcessorChecker : Bean 'objectPostProcessor' of type [org.springframework.security.config.annotation.configuration.AutowireBeanFactoryObjectPostProcessor] is not eligible for getting processed by all BeanPostProcessors (for example: not eligible for auto-proxying)
2020-12-12 22:53:41.268  INFO 3876 --- [    Test worker] trationDelegate$BeanPostProcessorChecker : Bean 'org.springframework.security.access.expression.method.DefaultMethodSecurityExpressionHandler@62d8e695' of type [org.springframework.security.access.expression.method.DefaultMethodSecurityExpressionHandler] is not eligible for getting processed by all BeanPostProcessors (for example: not eligible for auto-proxying)
2020-12-12 22:53:41.280  INFO 3876 --- [    Test worker] trationDelegate$BeanPostProcessorChecker : Bean 'org.springframework.security.config.annotation.method.configuration.GlobalMethodSecurityConfiguration' of type [org.springframework.security.config.annotation.method.configuration.GlobalMethodSecurityConfiguration] is not eligible for getting processed by all BeanPostProcessors (for example: not eligible for auto-proxying)
2020-12-12 22:53:41.286  INFO 3876 --- [    Test worker] trationDelegate$BeanPostProcessorChecker : Bean 'methodSecurityMetadataSource' of type [org.springframework.security.access.method.DelegatingMethodSecurityMetadataSource] is not eligible for getting processed by all BeanPostProcessors (for example: not eligible for auto-proxying)
2020-12-12 22:53:41.421  INFO 3876 --- [    Test worker] o.s.s.concurrent.ThreadPoolTaskExecutor  : Initializing ExecutorService 'applicationTaskExecutor'
2020-12-12 22:53:41.464  INFO 3876 --- [         task-1] o.hibernate.jpa.internal.util.LogHelper  : HHH000204: Processing PersistenceUnitInfo [name: default]
2020-12-12 22:53:41.485  INFO 3876 --- [         task-1] com.zaxxer.hikari.HikariDataSource       : HikariPool-2 - Starting...
2020-12-12 22:53:41.537  WARN 3876 --- [    Test worker] JpaBaseConfiguration$JpaWebConfiguration : spring.jpa.open-in-view is enabled by default. Therefore, database queries may be performed during view rendering. Explicitly configure spring.jpa.open-in-view to disable this warning
2020-12-12 22:53:41.682  INFO 3876 --- [         task-1] com.zaxxer.hikari.HikariDataSource       : HikariPool-2 - Start completed.
2020-12-12 22:53:41.683  INFO 3876 --- [         task-1] org.hibernate.dialect.Dialect            : HHH000400: Using dialect: org.hibernate.dialect.PostgreSQL94Dialect
2020-12-12 22:53:41.743  WARN 3876 --- [         task-1] org.hibernate.mapping.RootClass          : HHH000038: Composite-id class does not override equals(): spbstu.project.varann.domain.VariationID
2020-12-12 22:53:41.744  WARN 3876 --- [         task-1] org.hibernate.mapping.RootClass          : HHH000039: Composite-id class does not override hashCode(): spbstu.project.varann.domain.VariationID
2020-12-12 22:53:42.045  INFO 3876 --- [         task-1] o.h.e.t.j.p.i.JtaPlatformInitiator       : HHH000490: Using JtaPlatform implementation: [org.hibernate.engine.transaction.jta.platform.internal.NoJtaPlatform]
2020-12-12 22:53:42.046  INFO 3876 --- [         task-1] j.LocalContainerEntityManagerFactoryBean : Initialized JPA EntityManagerFactory for persistence unit 'default'
2020-12-12 22:53:42.510  INFO 3876 --- [    Test worker] o.s.s.web.DefaultSecurityFilterChain     : Creating filter chain: any request, [org.springframework.security.web.context.request.async.WebAsyncManagerIntegrationFilter@303a63b7, org.springframework.security.web.context.SecurityContextPersistenceFilter@5b924b6f, org.springframework.security.web.header.HeaderWriterFilter@eb02cab, org.springframework.security.web.authentication.logout.LogoutFilter@5ef79b10, org.springframework.security.web.authentication.www.BasicAuthenticationFilter@74586ad4, org.springframework.security.web.savedrequest.RequestCacheAwareFilter@13854faf, org.springframework.security.web.servletapi.SecurityContextHolderAwareRequestFilter@1cdfec00, org.springframework.security.web.authentication.AnonymousAuthenticationFilter@208358c6, org.springframework.security.web.session.SessionManagementFilter@77df9f86, org.springframework.security.web.access.ExceptionTranslationFilter@a5840e2, org.springframework.security.web.access.intercept.FilterSecurityInterceptor@1bba2d42]
2020-12-12 22:53:42.596  INFO 3876 --- [    Test worker] pertySourcedRequestMappingHandlerMapping : Mapped URL path [/v2/api-docs] onto method [springfox.documentation.swagger2.web.Swagger2Controller#getDocumentation(String, HttpServletRequest)]
2020-12-12 22:53:43.359  INFO 3876 --- [    Test worker] o.s.b.t.m.w.SpringBootMockServletContext : Initializing Spring TestDispatcherServlet ''
2020-12-12 22:53:43.359  INFO 3876 --- [    Test worker] o.s.t.web.servlet.TestDispatcherServlet  : Initializing Servlet ''
2020-12-12 22:53:43.379  INFO 3876 --- [    Test worker] o.s.t.web.servlet.TestDispatcherServlet  : Completed initialization in 20 ms
2020-12-12 22:53:43.397  INFO 3876 --- [    Test worker] d.s.w.p.DocumentationPluginsBootstrapper : Context refreshed
2020-12-12 22:53:43.407  INFO 3876 --- [    Test worker] d.s.w.p.DocumentationPluginsBootstrapper : Found 1 custom documentation plugin(s)
2020-12-12 22:53:43.416  INFO 3876 --- [    Test worker] s.d.s.w.s.ApiListingReferenceScanner     : Scanning for api listing references
2020-12-12 22:53:43.470  INFO 3876 --- [    Test worker] DeferredRepositoryInitializationListener : Triggering deferred initialization of Spring Data repositories…
2020-12-12 22:53:43.497  INFO 3876 --- [    Test worker] DeferredRepositoryInitializationListener : Spring Data repositories initialized!
2020-12-12 22:53:43.503  INFO 3876 --- [    Test worker] s.project.varann.VarannControllerTests   : Started VarannControllerTests in 2.981 seconds (JVM running for 14.852)
]]></system-out>
  <system-err><![CDATA[]]></system-err>
</testsuite>
