<?xml version="1.0" encoding="UTF-8"?>
<testsuite name="spbstu.project.varann.VarannControllerTests" tests="2" skipped="0" failures="0" errors="0" timestamp="2020-12-13T14:13:23" hostname="DESKTOP-E01FUOQ" time="0.42">
  <properties/>
  <testcase name="annotateTest()" classname="spbstu.project.varann.VarannControllerTests" time="0.242"/>
  <testcase name="storeVatiationTest()" classname="spbstu.project.varann.VarannControllerTests" time="0.177"/>
  <system-out><![CDATA[2020-12-13 17:13:20.089  INFO 7744 --- [    Test worker] .b.t.c.SpringBootTestContextBootstrapper : Neither @ContextConfiguration nor @ContextHierarchy found for test class [spbstu.project.varann.VarannControllerTests], using SpringBootContextLoader
2020-12-13 17:13:20.090  INFO 7744 --- [    Test worker] o.s.t.c.support.AbstractContextLoader    : Could not detect default resource locations for test class [spbstu.project.varann.VarannControllerTests]: no resource found for suffixes {-context.xml, Context.groovy}.
2020-12-13 17:13:20.090  INFO 7744 --- [    Test worker] t.c.s.AnnotationConfigContextLoaderUtils : Could not detect default configuration classes for test class [spbstu.project.varann.VarannControllerTests]: VarannControllerTests does not declare any static, non-private, non-final, nested classes annotated with @Configuration.
2020-12-13 17:13:20.097  INFO 7744 --- [    Test worker] .b.t.c.SpringBootTestContextBootstrapper : Found @SpringBootConfiguration spbstu.project.varann.VarannApplication for test class spbstu.project.varann.VarannControllerTests
2020-12-13 17:13:20.099  INFO 7744 --- [    Test worker] .b.t.c.SpringBootTestContextBootstrapper : Loaded default TestExecutionListener class names from location [META-INF/spring.factories]: [org.springframework.boot.test.autoconfigure.restdocs.RestDocsTestExecutionListener, org.springframework.boot.test.autoconfigure.web.client.MockRestServiceServerResetTestExecutionListener, org.springframework.boot.test.autoconfigure.web.servlet.MockMvcPrintOnlyOnFailureTestExecutionListener, org.springframework.boot.test.autoconfigure.web.servlet.WebDriverTestExecutionListener, org.springframework.boot.test.mock.mockito.MockitoTestExecutionListener, org.springframework.boot.test.mock.mockito.ResetMocksTestExecutionListener, org.springframework.test.context.web.ServletTestExecutionListener, org.springframework.test.context.support.DirtiesContextBeforeModesTestExecutionListener, org.springframework.test.context.support.DependencyInjectionTestExecutionListener, org.springframework.test.context.support.DirtiesContextTestExecutionListener, org.springframework.test.context.transaction.TransactionalTestExecutionListener, org.springframework.test.context.jdbc.SqlScriptsTestExecutionListener, org.springframework.test.context.event.EventPublishingTestExecutionListener]
2020-12-13 17:13:20.099  INFO 7744 --- [    Test worker] .b.t.c.SpringBootTestContextBootstrapper : Using TestExecutionListeners: [org.springframework.test.context.web.ServletTestExecutionListener@3e34e0e8, org.springframework.test.context.support.DirtiesContextBeforeModesTestExecutionListener@6de92893, org.springframework.boot.test.mock.mockito.MockitoTestExecutionListener@25674d33, org.springframework.boot.test.autoconfigure.SpringBootDependencyInjectionTestExecutionListener@397c5407, org.springframework.test.context.support.DirtiesContextTestExecutionListener@2056d060, org.springframework.test.context.transaction.TransactionalTestExecutionListener@4dfd949, org.springframework.test.context.jdbc.SqlScriptsTestExecutionListener@1bce1234, org.springframework.test.context.event.EventPublishingTestExecutionListener@4049b126, org.springframework.boot.test.autoconfigure.restdocs.RestDocsTestExecutionListener@568aac9f, org.springframework.boot.test.autoconfigure.web.client.MockRestServiceServerResetTestExecutionListener@2ce53296, org.springframework.boot.test.autoconfigure.web.servlet.MockMvcPrintOnlyOnFailureTestExecutionListener@4751ca8c, org.springframework.boot.test.autoconfigure.web.servlet.WebDriverTestExecutionListener@4a1c83c1, org.springframework.boot.test.mock.mockito.ResetMocksTestExecutionListener@49712049]

  .   ____          _            __ _ _
 /\\ / ___'_ __ _ _(_)_ __  __ _ \ \ \ \
( ( )\___ | '_ | '_| | '_ \/ _` | \ \ \ \
 \\/  ___)| |_)| | | | | || (_| |  ) ) ) )
  '  |____| .__|_| |_|_| |_\__, | / / / /
 =========|_|==============|___/=/_/_/_/
 :: Spring Boot ::             (v2.3.0.M2)

2020-12-13 17:13:20.135  INFO 7744 --- [    Test worker] s.project.varann.VarannControllerTests   : Starting VarannControllerTests on DESKTOP-E01FUOQ with PID 7744 (started by Ilya in D:\programming\varann)
2020-12-13 17:13:20.137  INFO 7744 --- [    Test worker] s.project.varann.VarannControllerTests   : No active profile set, falling back to default profiles: default
2020-12-13 17:13:21.779  INFO 7744 --- [    Test worker] .s.d.r.c.RepositoryConfigurationDelegate : Bootstrapping Spring Data JPA repositories in DEFERRED mode.
2020-12-13 17:13:21.796  INFO 7744 --- [    Test worker] .s.d.r.c.RepositoryConfigurationDelegate : Finished Spring Data repository scanning in 17ms. Found 2 JPA repository interfaces.
2020-12-13 17:13:21.893  INFO 7744 --- [    Test worker] trationDelegate$BeanPostProcessorChecker : Bean 'org.springframework.transaction.annotation.ProxyTransactionManagementConfiguration' of type [org.springframework.transaction.annotation.ProxyTransactionManagementConfiguration] is not eligible for getting processed by all BeanPostProcessors (for example: not eligible for auto-proxying)
2020-12-13 17:13:21.949  INFO 7744 --- [    Test worker] trationDelegate$BeanPostProcessorChecker : Bean 'org.springframework.security.config.annotation.configuration.ObjectPostProcessorConfiguration' of type [org.springframework.security.config.annotation.configuration.ObjectPostProcessorConfiguration] is not eligible for getting processed by all BeanPostProcessors (for example: not eligible for auto-proxying)
2020-12-13 17:13:21.958  INFO 7744 --- [    Test worker] trationDelegate$BeanPostProcessorChecker : Bean 'objectPostProcessor' of type [org.springframework.security.config.annotation.configuration.AutowireBeanFactoryObjectPostProcessor] is not eligible for getting processed by all BeanPostProcessors (for example: not eligible for auto-proxying)
2020-12-13 17:13:21.960  INFO 7744 --- [    Test worker] trationDelegate$BeanPostProcessorChecker : Bean 'org.springframework.security.access.expression.method.DefaultMethodSecurityExpressionHandler@56179d8f' of type [org.springframework.security.access.expression.method.DefaultMethodSecurityExpressionHandler] is not eligible for getting processed by all BeanPostProcessors (for example: not eligible for auto-proxying)
2020-12-13 17:13:21.970  INFO 7744 --- [    Test worker] trationDelegate$BeanPostProcessorChecker : Bean 'org.springframework.security.config.annotation.method.configuration.GlobalMethodSecurityConfiguration' of type [org.springframework.security.config.annotation.method.configuration.GlobalMethodSecurityConfiguration] is not eligible for getting processed by all BeanPostProcessors (for example: not eligible for auto-proxying)
2020-12-13 17:13:21.974  INFO 7744 --- [    Test worker] trationDelegate$BeanPostProcessorChecker : Bean 'methodSecurityMetadataSource' of type [org.springframework.security.access.method.DelegatingMethodSecurityMetadataSource] is not eligible for getting processed by all BeanPostProcessors (for example: not eligible for auto-proxying)
2020-12-13 17:13:22.063  INFO 7744 --- [    Test worker] o.s.s.concurrent.ThreadPoolTaskExecutor  : Initializing ExecutorService 'applicationTaskExecutor'
2020-12-13 17:13:22.081  INFO 7744 --- [         task-1] o.hibernate.jpa.internal.util.LogHelper  : HHH000204: Processing PersistenceUnitInfo [name: default]
2020-12-13 17:13:22.088  INFO 7744 --- [         task-1] com.zaxxer.hikari.HikariDataSource       : HikariPool-2 - Starting...
2020-12-13 17:13:22.113  INFO 7744 --- [         task-1] com.zaxxer.hikari.HikariDataSource       : HikariPool-2 - Start completed.
2020-12-13 17:13:22.113  INFO 7744 --- [         task-1] org.hibernate.dialect.Dialect            : HHH000400: Using dialect: org.hibernate.dialect.PostgreSQL94Dialect
2020-12-13 17:13:22.154  WARN 7744 --- [    Test worker] JpaBaseConfiguration$JpaWebConfiguration : spring.jpa.open-in-view is enabled by default. Therefore, database queries may be performed during view rendering. Explicitly configure spring.jpa.open-in-view to disable this warning
2020-12-13 17:13:22.202  WARN 7744 --- [         task-1] org.hibernate.mapping.RootClass          : HHH000038: Composite-id class does not override equals(): spbstu.project.varann.domain.VariationID
2020-12-13 17:13:22.202  WARN 7744 --- [         task-1] org.hibernate.mapping.RootClass          : HHH000039: Composite-id class does not override hashCode(): spbstu.project.varann.domain.VariationID
2020-12-13 17:13:22.311  INFO 7744 --- [         task-1] o.h.e.t.j.p.i.JtaPlatformInitiator       : HHH000490: Using JtaPlatform implementation: [org.hibernate.engine.transaction.jta.platform.internal.NoJtaPlatform]
2020-12-13 17:13:22.312  INFO 7744 --- [         task-1] j.LocalContainerEntityManagerFactoryBean : Initialized JPA EntityManagerFactory for persistence unit 'default'
2020-12-13 17:13:22.721  INFO 7744 --- [    Test worker] o.s.s.web.DefaultSecurityFilterChain     : Creating filter chain: any request, [org.springframework.security.web.context.request.async.WebAsyncManagerIntegrationFilter@64d0b900, org.springframework.security.web.context.SecurityContextPersistenceFilter@4ea3169b, org.springframework.security.web.header.HeaderWriterFilter@23ac1812, org.springframework.security.web.authentication.logout.LogoutFilter@5aa71aba, org.springframework.security.web.authentication.www.BasicAuthenticationFilter@7142e32b, org.springframework.security.web.savedrequest.RequestCacheAwareFilter@2d85e2ae, org.springframework.security.web.servletapi.SecurityContextHolderAwareRequestFilter@6e2a1384, org.springframework.security.web.authentication.AnonymousAuthenticationFilter@4fd315f2, org.springframework.security.web.session.SessionManagementFilter@1bc6240, org.springframework.security.web.access.ExceptionTranslationFilter@5c47e049, org.springframework.security.web.access.intercept.FilterSecurityInterceptor@3038d734]
2020-12-13 17:13:22.760  INFO 7744 --- [    Test worker] pertySourcedRequestMappingHandlerMapping : Mapped URL path [/v2/api-docs] onto method [springfox.documentation.swagger2.web.Swagger2Controller#getDocumentation(String, HttpServletRequest)]
2020-12-13 17:13:23.128  INFO 7744 --- [    Test worker] o.s.b.t.m.w.SpringBootMockServletContext : Initializing Spring TestDispatcherServlet ''
2020-12-13 17:13:23.129  INFO 7744 --- [    Test worker] o.s.t.web.servlet.TestDispatcherServlet  : Initializing Servlet ''
2020-12-13 17:13:23.143  INFO 7744 --- [    Test worker] o.s.t.web.servlet.TestDispatcherServlet  : Completed initialization in 13 ms
2020-12-13 17:13:23.150  INFO 7744 --- [    Test worker] d.s.w.p.DocumentationPluginsBootstrapper : Context refreshed
2020-12-13 17:13:23.151  INFO 7744 --- [    Test worker] d.s.w.p.DocumentationPluginsBootstrapper : Found 1 custom documentation plugin(s)
2020-12-13 17:13:23.155  INFO 7744 --- [    Test worker] s.d.s.w.s.ApiListingReferenceScanner     : Scanning for api listing references
2020-12-13 17:13:23.184  INFO 7744 --- [    Test worker] DeferredRepositoryInitializationListener : Triggering deferred initialization of Spring Data repositories…
2020-12-13 17:13:23.207  INFO 7744 --- [    Test worker] DeferredRepositoryInitializationListener : Spring Data repositories initialized!
2020-12-13 17:13:23.210  INFO 7744 --- [    Test worker] s.project.varann.VarannControllerTests   : Started VarannControllerTests in 3.109 seconds (JVM running for 15.86)
]]></system-out>
  <system-err><![CDATA[]]></system-err>
</testsuite>
