<?xml version="1.0" encoding="UTF-8"?>
<testsuite name="spbstu.project.varann.VariationRepositoryTest" tests="1" skipped="0" failures="0" errors="0" timestamp="2020-12-13T14:13:26" hostname="DESKTOP-E01FUOQ" time="0.266">
  <properties/>
  <testcase name="whenFindByChromAndPosAndRefAndAlt_thenReturnVariation()" classname="spbstu.project.varann.VariationRepositoryTest" time="0.266"/>
  <system-out><![CDATA[2020-12-13 17:13:26.536  INFO 7744 --- [    Test worker] b.t.a.o.j.DataJpaTestContextBootstrapper : Neither @ContextConfiguration nor @ContextHierarchy found for test class [spbstu.project.varann.VariationRepositoryTest], using SpringBootContextLoader
2020-12-13 17:13:26.538  INFO 7744 --- [    Test worker] o.s.t.c.support.AbstractContextLoader    : Could not detect default resource locations for test class [spbstu.project.varann.VariationRepositoryTest]: no resource found for suffixes {-context.xml, Context.groovy}.
2020-12-13 17:13:26.538  INFO 7744 --- [    Test worker] t.c.s.AnnotationConfigContextLoaderUtils : Could not detect default configuration classes for test class [spbstu.project.varann.VariationRepositoryTest]: VariationRepositoryTest does not declare any static, non-private, non-final, nested classes annotated with @Configuration.
2020-12-13 17:13:26.545  INFO 7744 --- [    Test worker] .b.t.c.SpringBootTestContextBootstrapper : Found @SpringBootConfiguration spbstu.project.varann.VarannApplication for test class spbstu.project.varann.VariationRepositoryTest
2020-12-13 17:13:26.545  INFO 7744 --- [    Test worker] b.t.a.o.j.DataJpaTestContextBootstrapper : Loaded default TestExecutionListener class names from location [META-INF/spring.factories]: [org.springframework.boot.test.autoconfigure.restdocs.RestDocsTestExecutionListener, org.springframework.boot.test.autoconfigure.web.client.MockRestServiceServerResetTestExecutionListener, org.springframework.boot.test.autoconfigure.web.servlet.MockMvcPrintOnlyOnFailureTestExecutionListener, org.springframework.boot.test.autoconfigure.web.servlet.WebDriverTestExecutionListener, org.springframework.boot.test.mock.mockito.MockitoTestExecutionListener, org.springframework.boot.test.mock.mockito.ResetMocksTestExecutionListener, org.springframework.test.context.web.ServletTestExecutionListener, org.springframework.test.context.support.DirtiesContextBeforeModesTestExecutionListener, org.springframework.test.context.support.DependencyInjectionTestExecutionListener, org.springframework.test.context.support.DirtiesContextTestExecutionListener, org.springframework.test.context.transaction.TransactionalTestExecutionListener, org.springframework.test.context.jdbc.SqlScriptsTestExecutionListener, org.springframework.test.context.event.EventPublishingTestExecutionListener]
2020-12-13 17:13:26.546  INFO 7744 --- [    Test worker] b.t.a.o.j.DataJpaTestContextBootstrapper : Using TestExecutionListeners: [org.springframework.test.context.web.ServletTestExecutionListener@7d4409a3, org.springframework.test.context.support.DirtiesContextBeforeModesTestExecutionListener@70ec6bb6, org.springframework.boot.test.mock.mockito.MockitoTestExecutionListener@7e3104c8, org.springframework.boot.test.autoconfigure.SpringBootDependencyInjectionTestExecutionListener@c2ad250, org.springframework.test.context.support.DirtiesContextTestExecutionListener@51fecb67, org.springframework.test.context.transaction.TransactionalTestExecutionListener@425cbb35, org.springframework.test.context.jdbc.SqlScriptsTestExecutionListener@34bdf0f2, org.springframework.test.context.event.EventPublishingTestExecutionListener@6e5f1c67, org.springframework.boot.test.autoconfigure.restdocs.RestDocsTestExecutionListener@49dd4738, org.springframework.boot.test.autoconfigure.web.client.MockRestServiceServerResetTestExecutionListener@6e7fd825, org.springframework.boot.test.autoconfigure.web.servlet.MockMvcPrintOnlyOnFailureTestExecutionListener@359e8f78, org.springframework.boot.test.autoconfigure.web.servlet.WebDriverTestExecutionListener@23b40188, org.springframework.boot.test.mock.mockito.ResetMocksTestExecutionListener@f36641]

  .   ____          _            __ _ _
 /\\ / ___'_ __ _ _(_)_ __  __ _ \ \ \ \
( ( )\___ | '_ | '_| | '_ \/ _` | \ \ \ \
 \\/  ___)| |_)| | | | | || (_| |  ) ) ) )
  '  |____| .__|_| |_|_| |_\__, | / / / /
 =========|_|==============|___/=/_/_/_/
 :: Spring Boot ::             (v2.3.0.M2)

2020-12-13 17:13:26.613  INFO 7744 --- [    Test worker] s.p.varann.VariationRepositoryTest       : Starting VariationRepositoryTest on DESKTOP-E01FUOQ with PID 7744 (started by Ilya in D:\programming\varann)
2020-12-13 17:13:26.613  INFO 7744 --- [    Test worker] s.p.varann.VariationRepositoryTest       : No active profile set, falling back to default profiles: default
2020-12-13 17:13:26.693  INFO 7744 --- [    Test worker] .s.d.r.c.RepositoryConfigurationDelegate : Bootstrapping Spring Data JPA repositories in LAZY mode.
2020-12-13 17:13:26.709  INFO 7744 --- [    Test worker] .s.d.r.c.RepositoryConfigurationDelegate : Finished Spring Data repository scanning in 15ms. Found 2 JPA repository interfaces.
2020-12-13 17:13:26.793  INFO 7744 --- [    Test worker] o.hibernate.jpa.internal.util.LogHelper  : HHH000204: Processing PersistenceUnitInfo [name: default]
2020-12-13 17:13:26.799  INFO 7744 --- [    Test worker] com.zaxxer.hikari.HikariDataSource       : HikariPool-4 - Starting...
2020-12-13 17:13:26.816  INFO 7744 --- [    Test worker] com.zaxxer.hikari.HikariDataSource       : HikariPool-4 - Start completed.
2020-12-13 17:13:26.816  INFO 7744 --- [    Test worker] org.hibernate.dialect.Dialect            : HHH000400: Using dialect: org.hibernate.dialect.PostgreSQL94Dialect
2020-12-13 17:13:26.855  WARN 7744 --- [    Test worker] org.hibernate.mapping.RootClass          : HHH000038: Composite-id class does not override equals(): spbstu.project.varann.domain.VariationID
2020-12-13 17:13:26.855  WARN 7744 --- [    Test worker] org.hibernate.mapping.RootClass          : HHH000039: Composite-id class does not override hashCode(): spbstu.project.varann.domain.VariationID
2020-12-13 17:13:26.920  INFO 7744 --- [    Test worker] o.h.e.t.j.p.i.JtaPlatformInitiator       : HHH000490: Using JtaPlatform implementation: [org.hibernate.engine.transaction.jta.platform.internal.NoJtaPlatform]
2020-12-13 17:13:26.920  INFO 7744 --- [    Test worker] j.LocalContainerEntityManagerFactoryBean : Initialized JPA EntityManagerFactory for persistence unit 'default'
2020-12-13 17:13:26.985  INFO 7744 --- [    Test worker] s.p.varann.VariationRepositoryTest       : Started VariationRepositoryTest in 0.427 seconds (JVM running for 19.635)
2020-12-13 17:13:27.007  INFO 7744 --- [    Test worker] o.s.t.c.transaction.TransactionContext   : Began transaction (1) for test context [DefaultTestContext@781d1ecd testClass = VariationRepositoryTest, testInstance = spbstu.project.varann.VariationRepositoryTest@106a6dac, testMethod = whenFindByChromAndPosAndRefAndAlt_thenReturnVariation@VariationRepositoryTest, testException = [null], mergedContextConfiguration = [MergedContextConfiguration@6cf0ee9d testClass = VariationRepositoryTest, locations = '{}', classes = '{class spbstu.project.varann.VarannApplication}', contextInitializerClasses = '[]', activeProfiles = '{}', propertySourceLocations = '{}', propertySourceProperties = '{org.springframework.boot.test.autoconfigure.orm.jpa.DataJpaTestContextBootstrapper=true}', contextCustomizers = set[org.springframework.boot.test.autoconfigure.OverrideAutoConfigurationContextCustomizerFactory$DisableAutoConfigurationContextCustomizer@7d5845ca, org.springframework.boot.test.autoconfigure.filter.TypeExcludeFiltersContextCustomizer@351584c0, org.springframework.boot.test.autoconfigure.properties.PropertyMappingContextCustomizer@23978338, org.springframework.boot.test.autoconfigure.web.servlet.WebDriverContextCustomizerFactory$Customizer@626aeb63, [ImportsContextCustomizer@73c1cd54 key = [org.springframework.boot.autoconfigure.cache.CacheAutoConfiguration, org.springframework.boot.autoconfigure.data.jpa.JpaRepositoriesAutoConfiguration, org.springframework.boot.autoconfigure.flyway.FlywayAutoConfiguration, org.springframework.boot.autoconfigure.jdbc.DataSourceAutoConfiguration, org.springframework.boot.autoconfigure.jdbc.DataSourceTransactionManagerAutoConfiguration, org.springframework.boot.autoconfigure.jdbc.JdbcTemplateAutoConfiguration, org.springframework.boot.autoconfigure.liquibase.LiquibaseAutoConfiguration, org.springframework.boot.autoconfigure.orm.jpa.HibernateJpaAutoConfiguration, org.springframework.boot.autoconfigure.transaction.TransactionAutoConfiguration, org.springframework.boot.test.autoconfigure.jdbc.TestDatabaseAutoConfiguration, org.springframework.boot.test.autoconfigure.orm.jpa.TestEntityManagerAutoConfiguration]], org.springframework.boot.test.context.filter.ExcludeFilterContextCustomizer@655bd2e3, org.springframework.boot.test.json.DuplicateJsonObjectContextCustomizerFactory$DuplicateJsonObjectContextCustomizer@19d63a26, org.springframework.boot.test.mock.mockito.MockitoContextCustomizer@0], contextLoader = 'org.springframework.boot.test.context.SpringBootContextLoader', parent = [null]], attributes = map[[empty]]]; transaction manager [org.springframework.orm.jpa.JpaTransactionManager@2672316c]; rollback [true]
Hibernate: 
    insert 
    into
        variation
        (info, alt, chrom, pos, ref) 
    values
        (?, ?, ?, ?, ?)
Hibernate: 
    select
        variation0_.alt as alt1_2_,
        variation0_.chrom as chrom2_2_,
        variation0_.pos as pos3_2_,
        variation0_.ref as ref4_2_,
        variation0_.info as info5_2_ 
    from
        variation variation0_ 
    where
        variation0_.chrom=? 
        and variation0_.pos=? 
        and variation0_.ref=? 
        and variation0_.alt=?
2020-12-13 17:13:27.254  INFO 7744 --- [    Test worker] o.s.t.c.transaction.TransactionContext   : Rolled back transaction for test: [DefaultTestContext@781d1ecd testClass = VariationRepositoryTest, testInstance = spbstu.project.varann.VariationRepositoryTest@106a6dac, testMethod = whenFindByChromAndPosAndRefAndAlt_thenReturnVariation@VariationRepositoryTest, testException = [null], mergedContextConfiguration = [MergedContextConfiguration@6cf0ee9d testClass = VariationRepositoryTest, locations = '{}', classes = '{class spbstu.project.varann.VarannApplication}', contextInitializerClasses = '[]', activeProfiles = '{}', propertySourceLocations = '{}', propertySourceProperties = '{org.springframework.boot.test.autoconfigure.orm.jpa.DataJpaTestContextBootstrapper=true}', contextCustomizers = set[org.springframework.boot.test.autoconfigure.OverrideAutoConfigurationContextCustomizerFactory$DisableAutoConfigurationContextCustomizer@7d5845ca, org.springframework.boot.test.autoconfigure.filter.TypeExcludeFiltersContextCustomizer@351584c0, org.springframework.boot.test.autoconfigure.properties.PropertyMappingContextCustomizer@23978338, org.springframework.boot.test.autoconfigure.web.servlet.WebDriverContextCustomizerFactory$Customizer@626aeb63, [ImportsContextCustomizer@73c1cd54 key = [org.springframework.boot.autoconfigure.cache.CacheAutoConfiguration, org.springframework.boot.autoconfigure.data.jpa.JpaRepositoriesAutoConfiguration, org.springframework.boot.autoconfigure.flyway.FlywayAutoConfiguration, org.springframework.boot.autoconfigure.jdbc.DataSourceAutoConfiguration, org.springframework.boot.autoconfigure.jdbc.DataSourceTransactionManagerAutoConfiguration, org.springframework.boot.autoconfigure.jdbc.JdbcTemplateAutoConfiguration, org.springframework.boot.autoconfigure.liquibase.LiquibaseAutoConfiguration, org.springframework.boot.autoconfigure.orm.jpa.HibernateJpaAutoConfiguration, org.springframework.boot.autoconfigure.transaction.TransactionAutoConfiguration, org.springframework.boot.test.autoconfigure.jdbc.TestDatabaseAutoConfiguration, org.springframework.boot.test.autoconfigure.orm.jpa.TestEntityManagerAutoConfiguration]], org.springframework.boot.test.context.filter.ExcludeFilterContextCustomizer@655bd2e3, org.springframework.boot.test.json.DuplicateJsonObjectContextCustomizerFactory$DuplicateJsonObjectContextCustomizer@19d63a26, org.springframework.boot.test.mock.mockito.MockitoContextCustomizer@0], contextLoader = 'org.springframework.boot.test.context.SpringBootContextLoader', parent = [null]], attributes = map[[empty]]]
]]></system-out>
  <system-err><![CDATA[]]></system-err>
</testsuite>
